#
# There is insufficient memory for the Java Runtime Environment to continue.
# Native memory allocation (malloc) failed to allocate 1319536 bytes for Chunk::new
# Possible reasons:
#   The system is out of physical RAM or swap space
#   The process is running with CompressedOops enabled, and the Java Heap may be blocking the growth of the native heap
# Possible solutions:
#   Reduce memory load on the system
#   Increase physical memory or swap space
#   Check if swap backing store is full
#   Decrease Java heap size (-Xmx/-Xms)
#   Decrease number of Java threads
#   Decrease Java thread stack sizes (-Xss)
#   Set larger code cache with -XX:ReservedCodeCacheSize=
#   JVM is running with Unscaled Compressed Oops mode in which the Java heap is
#     placed in the first 4GB address space. The Java Heap base address is the
#     maximum limit for the native heap growth. Please use -XX:HeapBaseMinAddress
#     to set the Java Heap base and to place the Java Heap above 4GB virtual address.
# This output file may be truncated or incomplete.
#
#  Out of Memory Error (allocation.cpp:389), pid=14940, tid=0x0000000000003468
#
# JRE version: OpenJDK Runtime Environment (8.0_212-b04) (build 1.8.0_212-release-1586-b04)
# Java VM: OpenJDK 64-Bit Server VM (25.212-b04 mixed mode windows-amd64 compressed oops)
# Failed to write core dump. Minidumps are not enabled by default on client versions of Windows
#

---------------  T H R E A D  ---------------

Current thread (0x000000001854d000):  JavaThread "C2 CompilerThread1" daemon [_thread_in_native, id=13416, stack(0x0000000019ca0000,0x0000000019da0000)]

Stack: [0x0000000019ca0000,0x0000000019da0000]
[error occurred during error reporting (printing stack bounds), id 0xc0000005]

Native frames: (J=compiled Java code, j=interpreted, Vv=VM code, C=native code)


Current CompileTask:
C2:   3164 2434       4       java.net.URLClassLoader$1::run (5 bytes)


---------------  P R O C E S S  ---------------

Java Threads: ( => current thread )
  0x000000001c072000 JavaThread "Cache worker for execution history cache (C:\Users\KIKT\.gradle\caches\5.6.4\executionHistory)" [_thread_blocked, id=27744, stack(0x0000000022000000,0x0000000022100000)]
  0x000000001c071800 JavaThread "Cache worker for cache directory md-rule (C:\Users\KIKT\.gradle\caches\5.6.4\md-rule)" [_thread_blocked, id=7708, stack(0x0000000020840000,0x0000000020940000)]
  0x000000001c078000 JavaThread "Cache worker for cache directory md-supplier (C:\Users\KIKT\.gradle\caches\5.6.4\md-supplier)" [_thread_blocked, id=18320, stack(0x0000000020560000,0x0000000020660000)]
  0x000000001c074800 JavaThread "Cache worker for file hash cache (C:\Users\KIKT\AndroidStudioProjects\Covid19Today\Covid19Today copy\.gradle\5.6.4\fileHashes)" [_thread_blocked, id=17604, stack(0x0000000020740000,0x0000000020840000)]
  0x000000001c075000 JavaThread "Cache worker for journal cache (C:\Users\KIKT\.gradle\caches\journal-1)" [_thread_blocked, id=20700, stack(0x000000001e0c0000,0x000000001e1c0000)]
  0x000000001c073800 JavaThread "File lock request listener" [_thread_in_native, id=20152, stack(0x000000001dfc0000,0x000000001e0c0000)]
  0x000000001c06f800 JavaThread "Cache worker for file hash cache (C:\Users\KIKT\.gradle\caches\5.6.4\fileHashes)" [_thread_blocked, id=26376, stack(0x000000001dec0000,0x000000001dfc0000)]
  0x000000001bdac800 JavaThread "Thread-9" [_thread_blocked, id=25492, stack(0x000000001dbc0000,0x000000001dcc0000)]
  0x000000001bdb4800 JavaThread "Stdin handler" [_thread_blocked, id=6344, stack(0x000000001dac0000,0x000000001dbc0000)]
  0x000000001bdb3800 JavaThread "Asynchronous log dispatcher for DefaultDaemonConnection: socket connection from /127.0.0.1:53928 to /127.0.0.1:53929" [_thread_blocked, id=19000, stack(0x000000001d9c0000,0x000000001dac0000)]
  0x000000001bdc2000 JavaThread "Daemon worker" [_thread_in_vm, id=10864, stack(0x000000001d8c0000,0x000000001d9c0000)]
  0x000000001bdc1000 JavaThread "Cancel handler" [_thread_blocked, id=2632, stack(0x000000001d6c0000,0x000000001d7c0000)]
  0x000000001bdc3000 JavaThread "Handler for socket connection from /127.0.0.1:53928 to /127.0.0.1:53929" [_thread_in_native, id=21764, stack(0x000000001d3c0000,0x000000001d4c0000)]
  0x000000001bd95800 JavaThread "Daemon" [_thread_blocked, id=13088, stack(0x000000001d2c0000,0x000000001d3c0000)]
  0x000000001bd76800 JavaThread "Daemon periodic checks" [_thread_blocked, id=10172, stack(0x000000001d1c0000,0x000000001d2c0000)]
  0x000000001bd2c800 JavaThread "Incoming local TCP Connector on port 53928" [_thread_in_native, id=14772, stack(0x000000001cf80000,0x000000001d080000)]
  0x000000001bc20800 JavaThread "Daemon health stats" [_thread_blocked, id=25444, stack(0x000000001c940000,0x000000001ca40000)]
  0x00000000185e6800 JavaThread "Service Thread" daemon [_thread_blocked, id=28096, stack(0x0000000019fa0000,0x000000001a0a0000)]
  0x000000001855a000 JavaThread "C1 CompilerThread3" daemon [_thread_blocked, id=16668, stack(0x0000000019ea0000,0x0000000019fa0000)]
  0x0000000018559000 JavaThread "C2 CompilerThread2" daemon [_thread_in_native, id=21796, stack(0x0000000019da0000,0x0000000019ea0000)]
=>0x000000001854d000 JavaThread "C2 CompilerThread1" daemon [_thread_in_native, id=13416, stack(0x0000000019ca0000,0x0000000019da0000)]
  0x0000000018556800 JavaThread "C2 CompilerThread0" daemon [_thread_blocked, id=24740, stack(0x0000000019ba0000,0x0000000019ca0000)]
  0x0000000018555800 JavaThread "Attach Listener" daemon [_thread_blocked, id=15480, stack(0x0000000019aa0000,0x0000000019ba0000)]
  0x0000000018554800 JavaThread "Signal Dispatcher" daemon [_thread_blocked, id=26868, stack(0x00000000199a0000,0x0000000019aa0000)]
  0x0000000016e82000 JavaThread "Finalizer" daemon [_thread_blocked, id=25992, stack(0x00000000197a0000,0x00000000198a0000)]
  0x0000000018543000 JavaThread "Reference Handler" daemon [_thread_blocked, id=11384, stack(0x00000000196a0000,0x00000000197a0000)]
  0x0000000002c0d800 JavaThread "main" [_thread_blocked, id=3620, stack(0x0000000002cc0000,0x0000000002dc0000)]

Other Threads:
  0x0000000016e75800 VMThread [stack: 0x00000000195a0000,0x00000000196a0000] [id=17080]
  0x00000000185e7000 WatcherThread [stack: 0x000000001a0a0000,0x000000001a1a0000] [id=28436]

VM state:not at safepoint (normal execution)

VM Mutex/Monitor currently owned by a thread: None

heap address: 0x00000000a0000000, size: 1536 MB, Compressed Oops mode: 32-bit
Narrow klass base: 0x0000000000000000, Narrow klass shift: 3
Compressed class space size: 1073741824 Address: 0x0000000100000000

Heap:
 PSYoungGen      total 76288K, used 70082K [0x00000000e0000000, 0x00000000e5500000, 0x0000000100000000)
  eden space 65536K, 94% used [0x00000000e0000000,0x00000000e3c8c6c0,0x00000000e4000000)
  from space 10752K, 75% used [0x00000000e4000000,0x00000000e47e4338,0x00000000e4a80000)
  to   space 10752K, 0% used [0x00000000e4a80000,0x00000000e4a80000,0x00000000e5500000)
 ParOldGen       total 94208K, used 7567K [0x00000000a0000000, 0x00000000a5c00000, 0x00000000e0000000)
  object space 94208K, 8% used [0x00000000a0000000,0x00000000a0763f10,0x00000000a5c00000)
 Metaspace       used 31906K, capacity 32556K, committed 32768K, reserved 1077248K
  class space    used 4373K, capacity 4591K, committed 4608K, reserved 1048576K

Card table byte_map: [0x0000000012280000,0x0000000012590000] byte_map_base: 0x0000000011d80000

Marking Bits: (ParMarkBitMap*) 0x0000000055d69f30
 Begin Bits: [0x0000000013190000, 0x0000000014990000)
 End Bits:   [0x0000000014990000, 0x0000000016190000)

Polling page: 0x0000000000df0000

CodeCache: size=245760Kb used=9654Kb max_used=9654Kb free=236105Kb
 bounds [0x0000000002ec0000, 0x0000000003840000, 0x0000000011ec0000]
 total_blobs=3177 nmethods=2496 adapters=594
 compilation: enabled

Compilation events (10 events):
Event: 3.157 Thread 0x0000000018556800 nmethod 2491 0x00000000037c2e10 code [0x00000000037c2f40, 0x00000000037c2fb8]
Event: 3.158 Thread 0x000000001855a000 nmethod 2490 0x0000000003811590 code [0x0000000003811860, 0x0000000003812e68]
Event: 3.158 Thread 0x0000000018556800 2492       4       java.util.ArrayList::<init> (61 bytes)
Event: 3.158 Thread 0x000000001855a000 2493       3       sun.reflect.annotation.AnnotationInvocationHandler::invoke (277 bytes)
Event: 3.159 Thread 0x000000001855a000 nmethod 2493 0x0000000003826890 code [0x0000000003826b80, 0x0000000003828178]
Event: 3.159 Thread 0x0000000018556800 nmethod 2492 0x0000000003811210 code [0x0000000003811360, 0x00000000038114d8]
Event: 3.159 Thread 0x000000001855a000 2494       3       org.objectweb.asm.ByteVector::enlarge (51 bytes)
Event: 3.160 Thread 0x000000001855a000 nmethod 2494 0x0000000003826310 code [0x0000000003826480, 0x00000000038267a8]
Event: 3.160 Thread 0x000000001855a000 2495       3       org.gradle.model.internal.asm.AsmClassGeneratorUtils::visitType (417 bytes)
Event: 3.162 Thread 0x000000001855a000 nmethod 2495 0x000000000382a390 code [0x000000000382abc0, 0x0000000003830a98]

GC Heap History (10 events):
Event: 1.779 GC heap before
{Heap before GC invocations=2 (full 0):
 PSYoungGen      total 76288K, used 71243K [0x00000000e0000000, 0x00000000e5500000, 0x0000000100000000)
  eden space 65536K, 100% used [0x00000000e0000000,0x00000000e4000000,0x00000000e4000000)
  from space 10752K, 53% used [0x00000000e4000000,0x00000000e4592e20,0x00000000e4a80000)
  to   space 10752K, 0% used [0x00000000e4a80000,0x00000000e4a80000,0x00000000e5500000)
 ParOldGen       total 175104K, used 16K [0x00000000a0000000, 0x00000000aab00000, 0x00000000e0000000)
  object space 175104K, 0% used [0x00000000a0000000,0x00000000a0004000,0x00000000aab00000)
 Metaspace       used 14513K, capacity 14946K, committed 15232K, reserved 1062912K
  class space    used 2015K, capacity 2127K, committed 2176K, reserved 1048576K
Event: 1.785 GC heap after
Heap after GC invocations=2 (full 0):
 PSYoungGen      total 76288K, used 9613K [0x00000000e0000000, 0x00000000e5500000, 0x0000000100000000)
  eden space 65536K, 0% used [0x00000000e0000000,0x00000000e0000000,0x00000000e4000000)
  from space 10752K, 89% used [0x00000000e4a80000,0x00000000e53e3778,0x00000000e5500000)
  to   space 10752K, 0% used [0x00000000e4000000,0x00000000e4000000,0x00000000e4a80000)
 ParOldGen       total 175104K, used 24K [0x00000000a0000000, 0x00000000aab00000, 0x00000000e0000000)
  object space 175104K, 0% used [0x00000000a0000000,0x00000000a0006000,0x00000000aab00000)
 Metaspace       used 14513K, capacity 14946K, committed 15232K, reserved 1062912K
  class space    used 2015K, capacity 2127K, committed 2176K, reserved 1048576K
}
Event: 2.275 GC heap before
{Heap before GC invocations=3 (full 0):
 PSYoungGen      total 76288K, used 75149K [0x00000000e0000000, 0x00000000e5500000, 0x0000000100000000)
  eden space 65536K, 100% used [0x00000000e0000000,0x00000000e4000000,0x00000000e4000000)
  from space 10752K, 89% used [0x00000000e4a80000,0x00000000e53e3778,0x00000000e5500000)
  to   space 10752K, 0% used [0x00000000e4000000,0x00000000e4000000,0x00000000e4a80000)
 ParOldGen       total 175104K, used 24K [0x00000000a0000000, 0x00000000aab00000, 0x00000000e0000000)
  object space 175104K, 0% used [0x00000000a0000000,0x00000000a0006000,0x00000000aab00000)
 Metaspace       used 20135K, capacity 20626K, committed 20864K, reserved 1067008K
  class space    used 2918K, capacity 3097K, committed 3200K, reserved 1048576K
Event: 2.281 GC heap after
Heap after GC invocations=3 (full 0):
 PSYoungGen      total 76288K, used 10729K [0x00000000e0000000, 0x00000000e5500000, 0x0000000100000000)
  eden space 65536K, 0% used [0x00000000e0000000,0x00000000e0000000,0x00000000e4000000)
  from space 10752K, 99% used [0x00000000e4000000,0x00000000e4a7a7b8,0x00000000e4a80000)
  to   space 10752K, 0% used [0x00000000e4a80000,0x00000000e4a80000,0x00000000e5500000)
 ParOldGen       total 175104K, used 1238K [0x00000000a0000000, 0x00000000aab00000, 0x00000000e0000000)
  object space 175104K, 0% used [0x00000000a0000000,0x00000000a0135900,0x00000000aab00000)
 Metaspace       used 20135K, capacity 20626K, committed 20864K, reserved 1067008K
  class space    used 2918K, capacity 3097K, committed 3200K, reserved 1048576K
}
Event: 2.317 GC heap before
{Heap before GC invocations=4 (full 0):
 PSYoungGen      total 76288K, used 14186K [0x00000000e0000000, 0x00000000e5500000, 0x0000000100000000)
  eden space 65536K, 5% used [0x00000000e0000000,0x00000000e03602b8,0x00000000e4000000)
  from space 10752K, 99% used [0x00000000e4000000,0x00000000e4a7a7b8,0x00000000e4a80000)
  to   space 10752K, 0% used [0x00000000e4a80000,0x00000000e4a80000,0x00000000e5500000)
 ParOldGen       total 175104K, used 1238K [0x00000000a0000000, 0x00000000aab00000, 0x00000000e0000000)
  object space 175104K, 0% used [0x00000000a0000000,0x00000000a0135900,0x00000000aab00000)
 Metaspace       used 20722K, capacity 21202K, committed 21296K, reserved 1067008K
  class space    used 2995K, capacity 3161K, committed 3200K, reserved 1048576K
Event: 2.321 GC heap after
Heap after GC invocations=4 (full 0):
 PSYoungGen      total 76288K, used 7719K [0x00000000e0000000, 0x00000000e5500000, 0x0000000100000000)
  eden space 65536K, 0% used [0x00000000e0000000,0x00000000e0000000,0x00000000e4000000)
  from space 10752K, 71% used [0x00000000e4a80000,0x00000000e5209dd0,0x00000000e5500000)
  to   space 10752K, 0% used [0x00000000e4000000,0x00000000e4000000,0x00000000e4a80000)
 ParOldGen       total 175104K, used 1246K [0x00000000a0000000, 0x00000000aab00000, 0x00000000e0000000)
  object space 175104K, 0% used [0x00000000a0000000,0x00000000a0137900,0x00000000aab00000)
 Metaspace       used 20722K, capacity 21202K, committed 21296K, reserved 1067008K
  class space    used 2995K, capacity 3161K, committed 3200K, reserved 1048576K
}
Event: 2.321 GC heap before
{Heap before GC invocations=5 (full 1):
 PSYoungGen      total 76288K, used 7719K [0x00000000e0000000, 0x00000000e5500000, 0x0000000100000000)
  eden space 65536K, 0% used [0x00000000e0000000,0x00000000e0000000,0x00000000e4000000)
  from space 10752K, 71% used [0x00000000e4a80000,0x00000000e5209dd0,0x00000000e5500000)
  to   space 10752K, 0% used [0x00000000e4000000,0x00000000e4000000,0x00000000e4a80000)
 ParOldGen       total 175104K, used 1246K [0x00000000a0000000, 0x00000000aab00000, 0x00000000e0000000)
  object space 175104K, 0% used [0x00000000a0000000,0x00000000a0137900,0x00000000aab00000)
 Metaspace       used 20722K, capacity 21202K, committed 21296K, reserved 1067008K
  class space    used 2995K, capacity 3161K, committed 3200K, reserved 1048576K
Event: 2.352 GC heap after
Heap after GC invocations=5 (full 1):
 PSYoungGen      total 76288K, used 0K [0x00000000e0000000, 0x00000000e5500000, 0x0000000100000000)
  eden space 65536K, 0% used [0x00000000e0000000,0x00000000e0000000,0x00000000e4000000)
  from space 10752K, 0% used [0x00000000e4a80000,0x00000000e4a80000,0x00000000e5500000)
  to   space 10752K, 0% used [0x00000000e4000000,0x00000000e4000000,0x00000000e4a80000)
 ParOldGen       total 94208K, used 7559K [0x00000000a0000000, 0x00000000a5c00000, 0x00000000e0000000)
  object space 94208K, 8% used [0x00000000a0000000,0x00000000a0761f10,0x00000000a5c00000)
 Metaspace       used 20722K, capacity 21202K, committed 21296K, reserved 1067008K
  class space    used 2995K, capacity 3161K, committed 3200K, reserved 1048576K
}
Event: 2.855 GC heap before
{Heap before GC invocations=6 (full 1):
 PSYoungGen      total 76288K, used 65536K [0x00000000e0000000, 0x00000000e5500000, 0x0000000100000000)
  eden space 65536K, 100% used [0x00000000e0000000,0x00000000e4000000,0x00000000e4000000)
  from space 10752K, 0% used [0x00000000e4a80000,0x00000000e4a80000,0x00000000e5500000)
  to   space 10752K, 0% used [0x00000000e4000000,0x00000000e4000000,0x00000000e4a80000)
 ParOldGen       total 94208K, used 7559K [0x00000000a0000000, 0x00000000a5c00000, 0x00000000e0000000)
  object space 94208K, 8% used [0x00000000a0000000,0x00000000a0761f10,0x00000000a5c00000)
 Metaspace       used 29106K, capacity 29704K, committed 30080K, reserved 1075200K
  class space    used 3926K, capacity 4131K, committed 4224K, reserved 1048576K
Event: 2.859 GC heap after
Heap after GC invocations=6 (full 1):
 PSYoungGen      total 76288K, used 8080K [0x00000000e0000000, 0x00000000e5500000, 0x0000000100000000)
  eden space 65536K, 0% used [0x00000000e0000000,0x00000000e0000000,0x00000000e4000000)
  from space 10752K, 75% used [0x00000000e4000000,0x00000000e47e4338,0x00000000e4a80000)
  to   space 10752K, 0% used [0x00000000e4a80000,0x00000000e4a80000,0x00000000e5500000)
 ParOldGen       total 94208K, used 7567K [0x00000000a0000000, 0x00000000a5c00000, 0x00000000e0000000)
  object space 94208K, 8% used [0x00000000a0000000,0x00000000a0763f10,0x00000000a5c00000)
 Metaspace       used 29106K, capacity 29704K, committed 30080K, reserved 1075200K
  class space    used 3926K, capacity 4131K, committed 4224K, reserved 1048576K
}

Deoptimization events (10 events):
Event: 2.730 Thread 0x000000001bdc2000 Uncommon trap: reason=unstable_if action=reinterpret pc=0x0000000003554080 method=java.util.HashMap.putVal(ILjava/lang/Object;Ljava/lang/Object;ZZ)Ljava/lang/Object; @ 85
Event: 2.753 Thread 0x000000001bdc2000 Uncommon trap: reason=unstable_if action=reinterpret pc=0x00000000031695f0 method=java.util.LinkedHashMap.afterNodeInsertion(Z)V @ 1
Event: 2.794 Thread 0x000000001bdc2000 Uncommon trap: reason=unstable_if action=reinterpret pc=0x0000000003710bc4 method=org.gradle.internal.reflect.PropertyAccessorType.isGetGetterName(Ljava/lang/String;)Z @ 14
Event: 2.860 Thread 0x0000000018543000 Uncommon trap: reason=unstable_if action=reinterpret pc=0x00000000034ce03c method=java.lang.ref.Reference.tryHandlePending(Z)Z @ 104
Event: 2.862 Thread 0x000000001bdc2000 Uncommon trap: reason=class_check action=maybe_recompile pc=0x0000000003500498 method=sun.misc.URLClassPath.getLoader(I)Lsun/misc/URLClassPath$Loader; @ 94
Event: 2.862 Thread 0x000000001bdc2000 Uncommon trap: reason=unstable_if action=reinterpret pc=0x00000000036b4080 method=java.lang.String.regionMatches(ZILjava/lang/String;II)Z @ 41
Event: 2.865 Thread 0x000000001bdc2000 Uncommon trap: reason=class_check action=maybe_recompile pc=0x00000000034fc43c method=sun.misc.URLClassPath.getLoader(I)Lsun/misc/URLClassPath$Loader; @ 239
Event: 2.915 Thread 0x000000001bdc2000 Uncommon trap: reason=unstable_if action=reinterpret pc=0x0000000003148c4c method=java.io.WinNTFileSystem.resolve(Ljava/lang/String;Ljava/lang/String;)Ljava/lang/String; @ 49
Event: 3.073 Thread 0x000000001bdc2000 Uncommon trap: reason=class_check action=maybe_recompile pc=0x00000000037bf568 method=sun.reflect.generics.reflectiveObjects.TypeVariableImpl.getGenericDeclaration()Ljava/lang/reflect/GenericDeclaration; @ 4
Event: 3.073 Thread 0x000000001bdc2000 Uncommon trap: reason=class_check action=maybe_recompile pc=0x00000000037bf568 method=sun.reflect.generics.reflectiveObjects.TypeVariableImpl.getGenericDeclaration()Ljava/lang/reflect/GenericDeclaration; @ 4

Classes redefined (0 events):
No events

Internal exceptions (10 events):
Event: 2.948 Thread 0x000000001bdc2000 Exception <a 'java/lang/ClassNotFoundException': org/gradle/api/internal/DefaultDomainObjectCollectionCustomizer> (0x00000000e10a8a88) thrown at [D:\src\AOSP-openjdk-cygwin\jdk8u\hotspot\src\share\vm\classfile\systemDictionary.cpp, line 210]
Event: 2.949 Thread 0x000000001bdc2000 Exception <a 'java/lang/ClassNotFoundException': org/gradle/api/internal/DefaultNamedDomainObjectCollectionCustomizer> (0x00000000e1106a90) thrown at [D:\src\AOSP-openjdk-cygwin\jdk8u\hotspot\src\share\vm\classfile\systemDictionary.cpp, line 210]
Event: 2.951 Thread 0x000000001bdc2000 Exception <a 'java/lang/ClassNotFoundException': org/gradle/api/internal/DefaultNamedDomainObjectListCustomizer> (0x00000000e117b2b8) thrown at [D:\src\AOSP-openjdk-cygwin\jdk8u\hotspot\src\share\vm\classfile\systemDictionary.cpp, line 210]
Event: 2.953 Thread 0x000000001bdc2000 Exception <a 'java/lang/ClassNotFoundException': org/gradle/api/internal/artifacts/DefaultArtifactRepositoryContainerCustomizer> (0x00000000e11f0b00) thrown at [D:\src\AOSP-openjdk-cygwin\jdk8u\hotspot\src\share\vm\classfile\systemDictionary.cpp, line 210
Event: 2.954 Thread 0x000000001bdc2000 Exception <a 'java/lang/ClassNotFoundException': org/gradle/api/internal/artifacts/dsl/DefaultRepositoryHandlerCustomizer> (0x00000000e1256810) thrown at [D:\src\AOSP-openjdk-cygwin\jdk8u\hotspot\src\share\vm\classfile\systemDictionary.cpp, line 210]
Event: 2.955 Thread 0x000000001bdc2000 Exception <a 'java/lang/ClassNotFoundException': org/gradle/api/internal/artifacts/dsl/DefaultRepositoryHandler_DecoratedCustomizer> (0x00000000e12d2c98) thrown at [D:\src\AOSP-openjdk-cygwin\jdk8u\hotspot\src\share\vm\classfile\systemDictionary.cpp, line
Event: 3.151 Thread 0x000000001bdc2000 Exception <a 'java/lang/ClassNotFoundException': org/gradle/api/internal/artifacts/dsl/dependencies/DefaultDependencyHandler_DecoratedBeanInfo> (0x00000000e38c0108) thrown at [D:\src\AOSP-openjdk-cygwin\jdk8u\hotspot\src\share\vm\classfile\systemDictionar
Event: 3.151 Thread 0x000000001bdc2000 Exception <a 'java/lang/ClassNotFoundException': org/gradle/api/internal/artifacts/dsl/dependencies/DefaultDependencyHandlerBeanInfo> (0x00000000e3918db8) thrown at [D:\src\AOSP-openjdk-cygwin\jdk8u\hotspot\src\share\vm\classfile\systemDictionary.cpp, lin
Event: 3.152 Thread 0x000000001bdc2000 Exception <a 'java/lang/ClassNotFoundException': org/gradle/api/internal/artifacts/dsl/dependencies/DefaultDependencyHandlerCustomizer> (0x00000000e39728f0) thrown at [D:\src\AOSP-openjdk-cygwin\jdk8u\hotspot\src\share\vm\classfile\systemDictionary.cpp, l
Event: 3.153 Thread 0x000000001bdc2000 Exception <a 'java/lang/ClassNotFoundException': org/gradle/api/internal/artifacts/dsl/dependencies/DefaultDependencyHandler_DecoratedCustomizer> (0x00000000e3a02968) thrown at [D:\src\AOSP-openjdk-cygwin\jdk8u\hotspot\src\share\vm\classfile\systemDiction

Events (10 events):
Event: 3.162 loading class org/gradle/api/internal/artifacts/configurations/DefaultConfiguration$7
Event: 3.162 loading class org/gradle/api/internal/artifacts/configurations/DefaultConfiguration$7 done
Event: 3.162 loading class org/gradle/api/internal/artifacts/configurations/ResolveConfigurationResolutionBuildOperationDetails
Event: 3.162 loading class org/gradle/api/internal/artifacts/configurations/ResolveConfigurationResolutionBuildOperationDetails done
Event: 3.163 loading class org/gradle/api/internal/artifacts/configurations/ResolveConfigurationDependenciesBuildOperationType$Details
Event: 3.163 loading class org/gradle/api/internal/artifacts/configurations/ResolveConfigurationDependenciesBuildOperationType$Details done
Event: 3.163 loading class org/gradle/internal/Transformers
Event: 3.163 loading class org/gradle/internal/Transformers done
Event: 3.163 loading class org/gradle/internal/Transformers$CastingTransformer
Event: 3.163 loading class org/gradle/internal/Transformers$CastingTransformer done


Dynamic libraries:
0x00007ff696310000 - 0x00007ff696341000 	C:\Program Files\Android\Android Studio\jre\bin\java.exe
0x00007fff18280000 - 0x00007fff18470000 	C:\WINDOWS\SYSTEM32\ntdll.dll
0x00007ffef3d30000 - 0x00007ffef3d43000 	C:\Program Files\AVAST Software\Avast\aswhook.dll
0x00007fff176a0000 - 0x00007fff17752000 	C:\WINDOWS\System32\KERNEL32.DLL
0x00007fff15240000 - 0x00007fff154e3000 	C:\WINDOWS\System32\KERNELBASE.dll
0x00007fff177f0000 - 0x00007fff17893000 	C:\WINDOWS\System32\ADVAPI32.dll
0x00007fff17960000 - 0x00007fff179fe000 	C:\WINDOWS\System32\msvcrt.dll
0x00007fff16630000 - 0x00007fff166c7000 	C:\WINDOWS\System32\sechost.dll
0x00007fff16740000 - 0x00007fff16860000 	C:\WINDOWS\System32\RPCRT4.dll
0x00007fff16490000 - 0x00007fff16624000 	C:\WINDOWS\System32\USER32.dll
0x00007fff15210000 - 0x00007fff15231000 	C:\WINDOWS\System32\win32u.dll
0x00007fff17930000 - 0x00007fff17956000 	C:\WINDOWS\System32\GDI32.dll
0x00007fff15f10000 - 0x00007fff160a4000 	C:\WINDOWS\System32\gdi32full.dll
0x00007fff160b0000 - 0x00007fff1614e000 	C:\WINDOWS\System32\msvcp_win.dll
0x00007fff16150000 - 0x00007fff1624a000 	C:\WINDOWS\System32\ucrtbase.dll
0x00007ffefded0000 - 0x00007ffefe155000 	C:\WINDOWS\WinSxS\amd64_microsoft.windows.common-controls_6595b64144ccf1df_6.0.18362.778_none_e6c6b761130d4fb8\COMCTL32.dll
0x00007fff17a00000 - 0x00007fff17d36000 	C:\WINDOWS\System32\combase.dll
0x00007fff15c90000 - 0x00007fff15d10000 	C:\WINDOWS\System32\bcryptPrimitives.dll
0x00007fff177c0000 - 0x00007fff177ee000 	C:\WINDOWS\System32\IMM32.DLL
0x00000000553e0000 - 0x00000000554b2000 	C:\Program Files\Android\Android Studio\jre\jre\bin\msvcr100.dll
0x00000000555a0000 - 0x0000000055de6000 	C:\Program Files\Android\Android Studio\jre\jre\bin\server\jvm.dll
0x00007fff17d40000 - 0x00007fff17d48000 	C:\WINDOWS\System32\PSAPI.DLL
0x00007ffefcbf0000 - 0x00007ffefcbf9000 	C:\WINDOWS\SYSTEM32\WSOCK32.dll
0x00007fff166d0000 - 0x00007fff1673f000 	C:\WINDOWS\System32\WS2_32.dll
0x00007fff06210000 - 0x00007fff06234000 	C:\WINDOWS\SYSTEM32\WINMM.dll
0x00007fff0fc80000 - 0x00007fff0fc8a000 	C:\WINDOWS\SYSTEM32\VERSION.dll
0x00007fff061e0000 - 0x00007fff0620d000 	C:\WINDOWS\SYSTEM32\WINMMBASE.dll
0x00007fff16250000 - 0x00007fff1629a000 	C:\WINDOWS\System32\cfgmgr32.dll
0x00007fff10ec0000 - 0x00007fff10ecf000 	C:\Program Files\Android\Android Studio\jre\jre\bin\verify.dll
0x00007fff02c50000 - 0x00007fff02c79000 	C:\Program Files\Android\Android Studio\jre\jre\bin\java.dll
0x00007fff04830000 - 0x00007fff04846000 	C:\Program Files\Android\Android Studio\jre\jre\bin\zip.dll
0x00007fff16a00000 - 0x00007fff170e5000 	C:\WINDOWS\System32\SHELL32.dll
0x00007fff16950000 - 0x00007fff169f9000 	C:\WINDOWS\System32\shcore.dll
0x00007fff15510000 - 0x00007fff15c90000 	C:\WINDOWS\System32\windows.storage.dll
0x00007fff151e0000 - 0x00007fff15203000 	C:\WINDOWS\System32\profapi.dll
0x00007fff15150000 - 0x00007fff1519a000 	C:\WINDOWS\System32\powrprof.dll
0x00007fff15140000 - 0x00007fff15150000 	C:\WINDOWS\System32\UMPDC.dll
0x00007fff181e0000 - 0x00007fff18232000 	C:\WINDOWS\System32\shlwapi.dll
0x00007fff151a0000 - 0x00007fff151b1000 	C:\WINDOWS\System32\kernel.appcore.dll
0x00007fff154f0000 - 0x00007fff15507000 	C:\WINDOWS\System32\cryptsp.dll
0x00007fff02410000 - 0x00007fff0242a000 	C:\Program Files\Android\Android Studio\jre\jre\bin\net.dll
0x00007ffefef40000 - 0x00007ffeff115000 	C:\WINDOWS\SYSTEM32\urlmon.dll
0x00007fff07e50000 - 0x00007fff080f6000 	C:\WINDOWS\SYSTEM32\iertutil.dll
0x00007fff14b80000 - 0x00007fff14b8c000 	C:\WINDOWS\SYSTEM32\CRYPTBASE.DLL
0x00007fff149b0000 - 0x00007fff14a17000 	C:\WINDOWS\system32\mswsock.dll
0x00007fff023f0000 - 0x00007fff02403000 	C:\Program Files\Android\Android Studio\jre\jre\bin\nio.dll
0x00007ffef3dc0000 - 0x00007ffef3de6000 	C:\Users\KIKT\.gradle\native\30\windows-amd64\native-platform.dll
0x00007fff07a20000 - 0x00007fff07a2d000 	C:\Program Files\Android\Android Studio\jre\jre\bin\management.dll
0x00007fff14520000 - 0x00007fff14553000 	C:\WINDOWS\system32\rsaenh.dll
0x00007fff162a0000 - 0x00007fff162c6000 	C:\WINDOWS\System32\bcrypt.dll
0x00007fff15060000 - 0x00007fff15085000 	C:\WINDOWS\SYSTEM32\USERENV.dll
0x00007fff146c0000 - 0x00007fff146fa000 	C:\WINDOWS\SYSTEM32\IPHLPAPI.DLL
0x00007fff17db0000 - 0x00007fff17db8000 	C:\WINDOWS\System32\NSI.dll
0x00007fff0fc90000 - 0x00007fff0fca6000 	C:\WINDOWS\SYSTEM32\dhcpcsvc6.DLL
0x00007fff0fba0000 - 0x00007fff0fbbc000 	C:\WINDOWS\SYSTEM32\dhcpcsvc.DLL
0x00007fff14700000 - 0x00007fff147ca000 	C:\WINDOWS\SYSTEM32\DNSAPI.dll

VM Arguments:
jvm_args: -Xmx1536m -Dfile.encoding=windows-1252 -Duser.country=US -Duser.language=en -Duser.variant 
java_command: org.gradle.launcher.daemon.bootstrap.GradleDaemon 5.6.4
java_class_path (initial): C:\Users\KIKT\.gradle\wrapper\dists\gradle-5.6.4-all\ankdp27end7byghfw1q2sw75f\gradle-5.6.4\lib\gradle-launcher-5.6.4.jar
Launcher Type: SUN_STANDARD

Environment Variables:
JAVA_HOME=D:\spark\java
PATH=C:\Program Files (x86)\Common Files\Oracle\Java\javapath;C:\WINDOWS\system32;C:\WINDOWS;C:\WINDOWS\System32\Wbem;C:\WINDOWS\System32\WindowsPowerShell\v1.0\;C:\WINDOWS\System32\OpenSSH\;D:\spark\java\bin;D:\spark\hadoop\bin;D:\spark\spark\bin;C:\Program Files\dotnet\;C:\Program Files\Git\cmd;C:\Users\KIKT\AppData\Local\Microsoft\WindowsApps;C:\Users\KIKT\AppData\Local\GitHubDesktop\bin;C:\Users\KIKT\.android\avd;C:\Users\KIKT\.android\;
USERNAME=KIKT
OS=Windows_NT
PROCESSOR_IDENTIFIER=Intel64 Family 6 Model 158 Stepping 10, GenuineIntel



---------------  S Y S T E M  ---------------

OS: Windows 10.0 , 64 bit Build 18362 (10.0.18362.778)

CPU:total 12 (initial active 12) (6 cores per cpu, 2 threads per core) family 6 model 158 stepping 10, cmov, cx8, fxsr, mmx, sse, sse2, sse3, ssse3, sse4.1, sse4.2, popcnt, avx, avx2, aes, clmul, erms, rtm, 3dnowpref, lzcnt, ht, tsc, tscinvbit, bmi1, bmi2, adx

Memory: 4k page, physical 16699300k(4672968k free), swap 17723300k(3816k free)

vm_info: OpenJDK 64-Bit Server VM (25.212-b04) for windows-amd64 JRE (1.8.0_212-release-1586-b04), built by "builder" with MS VC++ 10.0 (VS2010)

time: Wed Apr 22 16:22:28 2020
timezone: SE Asia Standard Time
elapsed time: 3 seconds (0d 0h 0m 3s)

