#
# There is insufficient memory for the Java Runtime Environment to continue.
# Native memory allocation (malloc) failed to allocate 1836176 bytes for Chunk::new
# Possible reasons:
#   The system is out of physical RAM or swap space
#   The process is running with CompressedOops enabled, and the Java Heap may be blocking the growth of the native heap
# Possible solutions:
#   Reduce memory load on the system
#   Increase physical memory or swap space
#   Check if swap backing store is full
#   Decrease Java heap size (-Xmx/-Xms)
#   Decrease number of Java threads
#   Decrease Java thread stack sizes (-Xss)
#   Set larger code cache with -XX:ReservedCodeCacheSize=
#   JVM is running with Unscaled Compressed Oops mode in which the Java heap is
#     placed in the first 4GB address space. The Java Heap base address is the
#     maximum limit for the native heap growth. Please use -XX:HeapBaseMinAddress
#     to set the Java Heap base and to place the Java Heap above 4GB virtual address.
# This output file may be truncated or incomplete.
#
#  Out of Memory Error (allocation.cpp:389), pid=23464, tid=0x0000000000002e50
#
# JRE version: OpenJDK Runtime Environment (8.0_212-b04) (build 1.8.0_212-release-1586-b04)
# Java VM: OpenJDK 64-Bit Server VM (25.212-b04 mixed mode windows-amd64 compressed oops)
# Failed to write core dump. Minidumps are not enabled by default on client versions of Windows
#

---------------  T H R E A D  ---------------

Current thread (0x0000000017a85000):  JavaThread "C2 CompilerThread1" daemon [_thread_in_native, id=11856, stack(0x00000000191d0000,0x00000000192d0000)]

Stack: [0x00000000191d0000,0x00000000192d0000]
[error occurred during error reporting (printing stack bounds), id 0xc0000005]

Native frames: (J=compiled Java code, j=interpreted, Vv=VM code, C=native code)


Current CompileTask:
C2:   4820 4267   !   4       com.sun.beans.TypeResolver::resolve (274 bytes)


---------------  P R O C E S S  ---------------

Java Threads: ( => current thread )
  0x000000001ddcc000 JavaThread "Cache worker for Build Output Cleanup Cache (C:\Users\KIKT\AndroidStudioProjects\Covid19Today\Covid19Today copy\.gradle\buildOutputCleanup)" [_thread_blocked, id=15268, stack(0x0000000023f10000,0x0000000024010000)]
  0x000000001ddd3000 JavaThread "pool-1-thread-1" [_thread_blocked, id=17684, stack(0x0000000023c10000,0x0000000023d10000)]
  0x000000001ddd1800 JavaThread "Build operations Thread 12" [_thread_blocked, id=1236, stack(0x0000000023710000,0x0000000023810000)]
  0x000000001ddc9800 JavaThread "Build operations Thread 11" [_thread_blocked, id=24160, stack(0x0000000023610000,0x0000000023710000)]
  0x000000001ddcd800 JavaThread "Build operations Thread 10" [_thread_blocked, id=11420, stack(0x0000000023510000,0x0000000023610000)]
  0x000000001ddd0800 JavaThread "Build operations Thread 9" [_thread_blocked, id=12012, stack(0x0000000023410000,0x0000000023510000)]
  0x000000001ddcf000 JavaThread "Build operations Thread 8" [_thread_blocked, id=28472, stack(0x0000000023310000,0x0000000023410000)]
  0x000000001ddcf800 JavaThread "Build operations Thread 7" [_thread_blocked, id=12828, stack(0x0000000023210000,0x0000000023310000)]
  0x000000001ddce000 JavaThread "Build operations Thread 6" [_thread_blocked, id=18324, stack(0x0000000023110000,0x0000000023210000)]
  0x000000001ddcb000 JavaThread "Build operations Thread 5" [_thread_blocked, id=26000, stack(0x0000000023010000,0x0000000023110000)]
  0x000000001ddc6800 JavaThread "Build operations Thread 4" [_thread_blocked, id=24000, stack(0x0000000022f10000,0x0000000023010000)]
  0x000000001ddca800 JavaThread "Build operations Thread 3" [_thread_blocked, id=21732, stack(0x0000000022e10000,0x0000000022f10000)]
  0x000000001ddcc800 JavaThread "Build operations Thread 2" [_thread_blocked, id=8280, stack(0x0000000022d10000,0x0000000022e10000)]
  0x000000001ddc9000 JavaThread "Build operations" [_thread_blocked, id=1456, stack(0x00000000227a0000,0x00000000228a0000)]
  0x000000001ddc8000 JavaThread "Cache worker for execution history cache (C:\Users\KIKT\.gradle\caches\5.6.4\executionHistory)" [_thread_blocked, id=24952, stack(0x0000000021610000,0x0000000021710000)]
  0x000000001ddc7800 JavaThread "Cache worker for cache directory md-rule (C:\Users\KIKT\.gradle\caches\5.6.4\md-rule)" [_thread_blocked, id=22320, stack(0x0000000021510000,0x0000000021610000)]
  0x0000000019dd4800 JavaThread "Cache worker for cache directory md-supplier (C:\Users\KIKT\.gradle\caches\5.6.4\md-supplier)" [_thread_blocked, id=23096, stack(0x0000000021160000,0x0000000021260000)]
  0x0000000019dd8800 JavaThread "Cache worker for file hash cache (C:\Users\KIKT\AndroidStudioProjects\Covid19Today\Covid19Today copy\.gradle\5.6.4\fileHashes)" [_thread_blocked, id=4816, stack(0x000000001f890000,0x000000001f990000)]
  0x0000000019dd7000 JavaThread "Cache worker for journal cache (C:\Users\KIKT\.gradle\caches\journal-1)" [_thread_blocked, id=24128, stack(0x000000001d5f0000,0x000000001d6f0000)]
  0x0000000019dd7800 JavaThread "File lock request listener" [_thread_in_native, id=14788, stack(0x000000001d4f0000,0x000000001d5f0000)]
  0x000000001b34b000 JavaThread "Cache worker for file hash cache (C:\Users\KIKT\.gradle\caches\5.6.4\fileHashes)" [_thread_blocked, id=9992, stack(0x000000001d3f0000,0x000000001d4f0000)]
  0x000000001b391000 JavaThread "Thread-9" [_thread_blocked, id=27828, stack(0x000000001d0f0000,0x000000001d1f0000)]
  0x000000001b304000 JavaThread "Stdin handler" [_thread_blocked, id=25900, stack(0x000000001cff0000,0x000000001d0f0000)]
  0x000000001b38a000 JavaThread "Asynchronous log dispatcher for DefaultDaemonConnection: socket connection from /127.0.0.1:53940 to /127.0.0.1:53941" [_thread_blocked, id=10904, stack(0x000000001cef0000,0x000000001cff0000)]
  0x000000001b391800 JavaThread "Daemon worker" [_thread_in_native, id=14428, stack(0x000000001cdf0000,0x000000001cef0000)]
  0x000000001b37d800 JavaThread "Cancel handler" [_thread_blocked, id=8128, stack(0x000000001cbf0000,0x000000001ccf0000)]
  0x000000001b241800 JavaThread "Handler for socket connection from /127.0.0.1:53940 to /127.0.0.1:53941" [_thread_in_native, id=12584, stack(0x000000001c8f0000,0x000000001c9f0000)]
  0x000000001b241000 JavaThread "Daemon" [_thread_blocked, id=18068, stack(0x000000001c7f0000,0x000000001c8f0000)]
  0x000000001b257000 JavaThread "Daemon periodic checks" [_thread_blocked, id=26468, stack(0x000000001c6f0000,0x000000001c7f0000)]
  0x000000001b227000 JavaThread "Incoming local TCP Connector on port 53940" [_thread_in_native, id=24612, stack(0x000000001c4b0000,0x000000001c5b0000)]
  0x000000001b1e2800 JavaThread "Daemon health stats" [_thread_blocked, id=27744, stack(0x000000001be70000,0x000000001bf70000)]
  0x0000000017b0d800 JavaThread "Service Thread" daemon [_thread_blocked, id=11384, stack(0x00000000194d0000,0x00000000195d0000)]
  0x0000000017a8f000 JavaThread "C1 CompilerThread3" daemon [_thread_blocked, id=17080, stack(0x00000000193d0000,0x00000000194d0000)]
  0x0000000017a8d000 JavaThread "C2 CompilerThread2" daemon [_thread_blocked, id=16696, stack(0x00000000192d0000,0x00000000193d0000)]
=>0x0000000017a85000 JavaThread "C2 CompilerThread1" daemon [_thread_in_native, id=11856, stack(0x00000000191d0000,0x00000000192d0000)]
  0x0000000017a7d800 JavaThread "C2 CompilerThread0" daemon [_thread_in_native, id=23728, stack(0x00000000190d0000,0x00000000191d0000)]
  0x0000000017a7a000 JavaThread "Attach Listener" daemon [_thread_blocked, id=10952, stack(0x0000000018fd0000,0x00000000190d0000)]
  0x0000000017a79000 JavaThread "Signal Dispatcher" daemon [_thread_blocked, id=28232, stack(0x0000000018ed0000,0x0000000018fd0000)]
  0x0000000016392000 JavaThread "Finalizer" daemon [_thread_blocked, id=8688, stack(0x0000000018cd0000,0x0000000018dd0000)]
  0x0000000017a73000 JavaThread "Reference Handler" daemon [_thread_blocked, id=26828, stack(0x0000000018bd0000,0x0000000018cd0000)]
  0x00000000021cd800 JavaThread "main" [_thread_blocked, id=10860, stack(0x00000000021d0000,0x00000000022d0000)]

Other Threads:
  0x0000000016385800 VMThread [stack: 0x0000000018ad0000,0x0000000018bd0000] [id=2800]
  0x0000000017aac800 WatcherThread [stack: 0x00000000195d0000,0x00000000196d0000] [id=25992]

VM state:not at safepoint (normal execution)

VM Mutex/Monitor currently owned by a thread: None

heap address: 0x00000000a0000000, size: 1536 MB, Compressed Oops mode: 32-bit
Narrow klass base: 0x0000000000000000, Narrow klass shift: 3
Compressed class space size: 1073741824 Address: 0x0000000100000000

Heap:
 PSYoungGen      total 175104K, used 60305K [0x00000000e0000000, 0x00000000ed200000, 0x0000000100000000)
  eden space 162816K, 29% used [0x00000000e0000000,0x00000000e2ee5c68,0x00000000e9f00000)
  from space 12288K, 99% used [0x00000000ec600000,0x00000000ed1fea88,0x00000000ed200000)
  to   space 14336K, 0% used [0x00000000eb600000,0x00000000eb600000,0x00000000ec400000)
 ParOldGen       total 140288K, used 18659K [0x00000000a0000000, 0x00000000a8900000, 0x00000000e0000000)
  object space 140288K, 13% used [0x00000000a0000000,0x00000000a1238ef0,0x00000000a8900000)
 Metaspace       used 50193K, capacity 51744K, committed 52096K, reserved 1093632K
  class space    used 6791K, capacity 7189K, committed 7296K, reserved 1048576K

Card table byte_map: [0x0000000011790000,0x0000000011aa0000] byte_map_base: 0x0000000011290000

Marking Bits: (ParMarkBitMap*) 0x0000000055d69f30
 Begin Bits: [0x00000000126a0000, 0x0000000013ea0000)
 End Bits:   [0x0000000013ea0000, 0x00000000156a0000)

Polling page: 0x0000000000700000

CodeCache: size=245760Kb used=15756Kb max_used=15756Kb free=230003Kb
 bounds [0x00000000023d0000, 0x0000000003340000, 0x00000000113d0000]
 total_blobs=5263 nmethods=4496 adapters=680
 compilation: enabled

Compilation events (10 events):
Event: 4.819 Thread 0x0000000017a8f000 4530       3       org.gradle.internal.operations.BuildOperationDescriptor::<init> (50 bytes)
Event: 4.819 Thread 0x0000000017a8f000 nmethod 4530 0x0000000003339c50 code [0x0000000003339da0, 0x0000000003339ff0]
Event: 4.819 Thread 0x0000000017a8f000 4531       3       org.gradle.internal.operations.DefaultBuildOperationExecutor$DefaultBuildOperationContext::<init> (5 bytes)
Event: 4.819 Thread 0x0000000017a8f000 nmethod 4531 0x000000000333a0d0 code [0x000000000333a240, 0x000000000333a450]
Event: 4.819 Thread 0x0000000017a8f000 4532       3       org.gradle.internal.operations.DefaultBuildOperationExecutor$DefaultBuildOperationContext::<init> (5 bytes)
Event: 4.819 Thread 0x0000000017a8f000 nmethod 4532 0x000000000333a550 code [0x000000000333a6a0, 0x000000000333a850]
Event: 4.819 Thread 0x0000000017a8f000 4533       3       org.gradle.internal.operations.BuildOperationDescriptor::<init> (18 bytes)
Event: 4.819 Thread 0x0000000017a8f000 nmethod 4533 0x000000000333a910 code [0x000000000333aa80, 0x000000000333ac28]
Event: 4.819 Thread 0x0000000017a8f000 4534       1       com.android.build.api.artifact.ArtifactType::getKind (5 bytes)
Event: 4.819 Thread 0x0000000017a8f000 nmethod 4534 0x000000000332e250 code [0x000000000332e3a0, 0x000000000332e4b0]

GC Heap History (10 events):
Event: 2.763 GC heap before
{Heap before GC invocations=6 (full 1):
 PSYoungGen      total 76288K, used 65536K [0x00000000e0000000, 0x00000000e9500000, 0x0000000100000000)
  eden space 65536K, 100% used [0x00000000e0000000,0x00000000e4000000,0x00000000e4000000)
  from space 10752K, 0% used [0x00000000e4a80000,0x00000000e4a80000,0x00000000e5500000)
  to   space 10752K, 0% used [0x00000000e4000000,0x00000000e4000000,0x00000000e4a80000)
 ParOldGen       total 89088K, used 7600K [0x00000000a0000000, 0x00000000a5700000, 0x00000000e0000000)
  object space 89088K, 8% used [0x00000000a0000000,0x00000000a076c178,0x00000000a5700000)
 Metaspace       used 29117K, capacity 29710K, committed 30080K, reserved 1075200K
  class space    used 3927K, capacity 4133K, committed 4224K, reserved 1048576K
Event: 2.766 GC heap after
Heap after GC invocations=6 (full 1):
 PSYoungGen      total 76288K, used 8215K [0x00000000e0000000, 0x00000000e8780000, 0x0000000100000000)
  eden space 65536K, 0% used [0x00000000e0000000,0x00000000e0000000,0x00000000e4000000)
  from space 10752K, 76% used [0x00000000e4000000,0x00000000e4805d88,0x00000000e4a80000)
  to   space 12288K, 0% used [0x00000000e7b80000,0x00000000e7b80000,0x00000000e8780000)
 ParOldGen       total 89088K, used 7608K [0x00000000a0000000, 0x00000000a5700000, 0x00000000e0000000)
  object space 89088K, 8% used [0x00000000a0000000,0x00000000a076e178,0x00000000a5700000)
 Metaspace       used 29117K, capacity 29710K, committed 30080K, reserved 1075200K
  class space    used 3927K, capacity 4133K, committed 4224K, reserved 1048576K
}
Event: 3.060 GC heap before
{Heap before GC invocations=7 (full 1):
 PSYoungGen      total 76288K, used 73751K [0x00000000e0000000, 0x00000000e8780000, 0x0000000100000000)
  eden space 65536K, 100% used [0x00000000e0000000,0x00000000e4000000,0x00000000e4000000)
  from space 10752K, 76% used [0x00000000e4000000,0x00000000e4805d88,0x00000000e4a80000)
  to   space 12288K, 0% used [0x00000000e7b80000,0x00000000e7b80000,0x00000000e8780000)
 ParOldGen       total 89088K, used 7608K [0x00000000a0000000, 0x00000000a5700000, 0x00000000e0000000)
  object space 89088K, 8% used [0x00000000a0000000,0x00000000a076e178,0x00000000a5700000)
 Metaspace       used 32131K, capacity 32716K, committed 32896K, reserved 1077248K
  class space    used 4405K, capacity 4623K, committed 4736K, reserved 1048576K
Event: 3.065 GC heap after
Heap after GC invocations=7 (full 1):
 PSYoungGen      total 122368K, used 8500K [0x00000000e0000000, 0x00000000e8500000, 0x0000000100000000)
  eden space 112640K, 0% used [0x00000000e0000000,0x00000000e0000000,0x00000000e6e00000)
  from space 9728K, 87% used [0x00000000e7b80000,0x00000000e83cd1b0,0x00000000e8500000)
  to   space 11776K, 0% used [0x00000000e6e00000,0x00000000e6e00000,0x00000000e7980000)
 ParOldGen       total 89088K, used 7616K [0x00000000a0000000, 0x00000000a5700000, 0x00000000e0000000)
  object space 89088K, 8% used [0x00000000a0000000,0x00000000a0770178,0x00000000a5700000)
 Metaspace       used 32131K, capacity 32716K, committed 32896K, reserved 1077248K
  class space    used 4405K, capacity 4623K, committed 4736K, reserved 1048576K
}
Event: 3.487 GC heap before
{Heap before GC invocations=8 (full 1):
 PSYoungGen      total 122368K, used 71971K [0x00000000e0000000, 0x00000000e8500000, 0x0000000100000000)
  eden space 112640K, 56% used [0x00000000e0000000,0x00000000e3dfbab8,0x00000000e6e00000)
  from space 9728K, 87% used [0x00000000e7b80000,0x00000000e83cd1b0,0x00000000e8500000)
  to   space 11776K, 0% used [0x00000000e6e00000,0x00000000e6e00000,0x00000000e7980000)
 ParOldGen       total 89088K, used 7616K [0x00000000a0000000, 0x00000000a5700000, 0x00000000e0000000)
  object space 89088K, 8% used [0x00000000a0000000,0x00000000a0770178,0x00000000a5700000)
 Metaspace       used 34633K, capacity 35436K, committed 35456K, reserved 1079296K
  class space    used 4764K, capacity 4981K, committed 4992K, reserved 1048576K
Event: 3.492 GC heap after
Heap after GC invocations=8 (full 1):
 PSYoungGen      total 124416K, used 10094K [0x00000000e0000000, 0x00000000ed200000, 0x0000000100000000)
  eden space 112640K, 0% used [0x00000000e0000000,0x00000000e0000000,0x00000000e6e00000)
  from space 11776K, 85% used [0x00000000e6e00000,0x00000000e77dbb18,0x00000000e7980000)
  to   space 12288K, 0% used [0x00000000ec600000,0x00000000ec600000,0x00000000ed200000)
 ParOldGen       total 89088K, used 7624K [0x00000000a0000000, 0x00000000a5700000, 0x00000000e0000000)
  object space 89088K, 8% used [0x00000000a0000000,0x00000000a0772178,0x00000000a5700000)
 Metaspace       used 34633K, capacity 35436K, committed 35456K, reserved 1079296K
  class space    used 4764K, capacity 4981K, committed 4992K, reserved 1048576K
}
Event: 3.492 GC heap before
{Heap before GC invocations=9 (full 2):
 PSYoungGen      total 124416K, used 10094K [0x00000000e0000000, 0x00000000ed200000, 0x0000000100000000)
  eden space 112640K, 0% used [0x00000000e0000000,0x00000000e0000000,0x00000000e6e00000)
  from space 11776K, 85% used [0x00000000e6e00000,0x00000000e77dbb18,0x00000000e7980000)
  to   space 12288K, 0% used [0x00000000ec600000,0x00000000ec600000,0x00000000ed200000)
 ParOldGen       total 89088K, used 7624K [0x00000000a0000000, 0x00000000a5700000, 0x00000000e0000000)
  object space 89088K, 8% used [0x00000000a0000000,0x00000000a0772178,0x00000000a5700000)
 Metaspace       used 34633K, capacity 35436K, committed 35456K, reserved 1079296K
  class space    used 4764K, capacity 4981K, committed 4992K, reserved 1048576K
Event: 3.534 GC heap after
Heap after GC invocations=9 (full 2):
 PSYoungGen      total 124416K, used 0K [0x00000000e0000000, 0x00000000ed200000, 0x0000000100000000)
  eden space 112640K, 0% used [0x00000000e0000000,0x00000000e0000000,0x00000000e6e00000)
  from space 11776K, 0% used [0x00000000e6e00000,0x00000000e6e00000,0x00000000e7980000)
  to   space 12288K, 0% used [0x00000000ec600000,0x00000000ec600000,0x00000000ed200000)
 ParOldGen       total 140288K, used 16716K [0x00000000a0000000, 0x00000000a8900000, 0x00000000e0000000)
  object space 140288K, 11% used [0x00000000a0000000,0x00000000a1053088,0x00000000a8900000)
 Metaspace       used 34590K, capacity 35292K, committed 35456K, reserved 1079296K
  class space    used 4751K, capacity 4957K, committed 4992K, reserved 1048576K
}
Event: 4.374 GC heap before
{Heap before GC invocations=10 (full 2):
 PSYoungGen      total 124416K, used 112640K [0x00000000e0000000, 0x00000000ed200000, 0x0000000100000000)
  eden space 112640K, 100% used [0x00000000e0000000,0x00000000e6e00000,0x00000000e6e00000)
  from space 11776K, 0% used [0x00000000e6e00000,0x00000000e6e00000,0x00000000e7980000)
  to   space 12288K, 0% used [0x00000000ec600000,0x00000000ec600000,0x00000000ed200000)
 ParOldGen       total 140288K, used 16716K [0x00000000a0000000, 0x00000000a8900000, 0x00000000e0000000)
  object space 140288K, 11% used [0x00000000a0000000,0x00000000a1053088,0x00000000a8900000)
 Metaspace       used 45600K, capacity 46700K, committed 46848K, reserved 1089536K
  class space    used 6130K, capacity 6400K, committed 6400K, reserved 1048576K
Event: 4.380 GC heap after
Heap after GC invocations=10 (full 2):
 PSYoungGen      total 175104K, used 12282K [0x00000000e0000000, 0x00000000ed200000, 0x0000000100000000)
  eden space 162816K, 0% used [0x00000000e0000000,0x00000000e0000000,0x00000000e9f00000)
  from space 12288K, 99% used [0x00000000ec600000,0x00000000ed1fea88,0x00000000ed200000)
  to   space 14336K, 0% used [0x00000000eb600000,0x00000000eb600000,0x00000000ec400000)
 ParOldGen       total 140288K, used 18659K [0x00000000a0000000, 0x00000000a8900000, 0x00000000e0000000)
  object space 140288K, 13% used [0x00000000a0000000,0x00000000a1238ef0,0x00000000a8900000)
 Metaspace       used 45600K, capacity 46700K, committed 46848K, reserved 1089536K
  class space    used 6130K, capacity 6400K, committed 6400K, reserved 1048576K
}

Deoptimization events (10 events):
Event: 4.161 Thread 0x000000001b391800 Uncommon trap: reason=unstable_if action=reinterpret pc=0x0000000002c6fe68 method=org.objectweb.asm.ByteVector.putUTF8(Ljava/lang/String;)Lorg/objectweb/asm/ByteVector; @ 93
Event: 4.384 Thread 0x000000001b391800 Uncommon trap: reason=unstable_if action=reinterpret pc=0x0000000002d0fe70 method=org.gradle.internal.reflect.PropertyAccessorType.of(Ljava/lang/reflect/Method;)Lorg/gradle/internal/reflect/PropertyAccessorType; @ 56
Event: 4.490 Thread 0x000000001b391800 Uncommon trap: reason=speculate_class_check action=maybe_recompile pc=0x0000000002e3b368 method=com.google.common.collect.AbstractIndexedListIterator.next()Ljava/lang/Object; @ 27
Event: 4.490 Thread 0x000000001b391800 Uncommon trap: reason=speculate_class_check action=maybe_recompile pc=0x0000000002e3b368 method=com.google.common.collect.AbstractIndexedListIterator.next()Ljava/lang/Object; @ 27
Event: 4.490 Thread 0x000000001b391800 Uncommon trap: reason=speculate_class_check action=maybe_recompile pc=0x0000000002e3b368 method=com.google.common.collect.AbstractIndexedListIterator.next()Ljava/lang/Object; @ 27
Event: 4.490 Thread 0x000000001b391800 Uncommon trap: reason=speculate_class_check action=maybe_recompile pc=0x0000000002e3b368 method=com.google.common.collect.AbstractIndexedListIterator.next()Ljava/lang/Object; @ 27
Event: 4.499 Thread 0x000000001b391800 Uncommon trap: reason=unstable_if action=reinterpret pc=0x000000000304d370 method=org.gradle.internal.instantiation.AbstractClassGenerator$InjectionAnnotationValidator.validateMethod(Ljava/lang/reflect/Method;Lorg/gradle/internal/reflect/PropertyAccessorT
Event: 4.541 Thread 0x000000001b391800 Uncommon trap: reason=bimorphic action=maybe_recompile pc=0x0000000002c16c78 method=java.util.WeakHashMap.eq(Ljava/lang/Object;Ljava/lang/Object;)Z @ 7
Event: 4.589 Thread 0x000000001b391800 Uncommon trap: reason=unstable_if action=reinterpret pc=0x0000000002fe5c70 method=java.util.concurrent.ConcurrentHashMap.addCount(JI)V @ 110
Event: 4.590 Thread 0x000000001b391800 Uncommon trap: reason=unstable_if action=reinterpret pc=0x0000000002fd59b0 method=java.util.concurrent.ConcurrentHashMap.addCount(JI)V @ 110

Classes redefined (0 events):
No events

Internal exceptions (10 events):
Event: 4.556 Thread 0x000000001b391800 Exception <a 'java/lang/ClassNotFoundException': org/gradle/api/internal/file/AbstractFileCollectionBeanInfo> (0x00000000e1832058) thrown at [D:\src\AOSP-openjdk-cygwin\jdk8u\hotspot\src\share\vm\classfile\systemDictionary.cpp, line 210]
Event: 4.556 Thread 0x000000001b391800 Exception <a 'java/lang/ClassNotFoundException': org/gradle/api/internal/file/AbstractFileCollectionCustomizer> (0x00000000e186f8e8) thrown at [D:\src\AOSP-openjdk-cygwin\jdk8u\hotspot\src\share\vm\classfile\systemDictionary.cpp, line 210]
Event: 4.557 Thread 0x000000001b391800 Exception <a 'java/lang/ClassNotFoundException': org/gradle/api/internal/file/CompositeFileCollectionCustomizer> (0x00000000e18bd2c0) thrown at [D:\src\AOSP-openjdk-cygwin\jdk8u\hotspot\src\share\vm\classfile\systemDictionary.cpp, line 210]
Event: 4.557 Thread 0x000000001b391800 Exception <a 'java/lang/ClassNotFoundException': org/gradle/api/internal/file/CompositeFileTreeCustomizer> (0x00000000e1907330) thrown at [D:\src\AOSP-openjdk-cygwin\jdk8u\hotspot\src\share\vm\classfile\systemDictionary.cpp, line 210]
Event: 4.558 Thread 0x000000001b391800 Exception <a 'java/lang/ClassNotFoundException': org/gradle/api/internal/file/collections/DefaultConfigurableFileTreeCustomizer> (0x00000000e195c198) thrown at [D:\src\AOSP-openjdk-cygwin\jdk8u\hotspot\src\share\vm\classfile\systemDictionary.cpp, line 210
Event: 4.685 Thread 0x000000001b391800 Exception <a 'java/lang/ClassNotFoundException': org/gradle/api/plugins/internal/DefaultBasePluginConventionBeanInfo> (0x00000000e23bb390) thrown at [D:\src\AOSP-openjdk-cygwin\jdk8u\hotspot\src\share\vm\classfile\systemDictionary.cpp, line 210]
Event: 4.686 Thread 0x000000001b391800 Exception <a 'java/lang/ClassNotFoundException': org/gradle/api/plugins/BasePluginConventionBeanInfo> (0x00000000e23e5a50) thrown at [D:\src\AOSP-openjdk-cygwin\jdk8u\hotspot\src\share\vm\classfile\systemDictionary.cpp, line 210]
Event: 4.686 Thread 0x000000001b391800 Exception <a 'java/lang/ClassNotFoundException': org/gradle/api/plugins/BasePluginConventionCustomizer> (0x00000000e24107f0) thrown at [D:\src\AOSP-openjdk-cygwin\jdk8u\hotspot\src\share\vm\classfile\systemDictionary.cpp, line 210]
Event: 4.687 Thread 0x000000001b391800 Exception <a 'java/lang/ClassNotFoundException': org/gradle/api/plugins/internal/DefaultBasePluginConventionCustomizer> (0x00000000e2455560) thrown at [D:\src\AOSP-openjdk-cygwin\jdk8u\hotspot\src\share\vm\classfile\systemDictionary.cpp, line 210]
Event: 4.694 Thread 0x000000001b391800 Exception <a 'java/lang/NoSuchMethodError': java.lang.Object.lambda$comparingInt$7b0bb60$1(Ljava/util/function/ToIntFunction;Ljava/lang/Object;Ljava/lang/Object;)I> (0x00000000e24dc450) thrown at [D:\src\AOSP-openjdk-cygwin\jdk8u\hotspot\src\share\vm\inte

Events (10 events):
Event: 4.818 loading class com/android/build/gradle/internal/tasks/CheckDuplicateClassesTask
Event: 4.818 loading class com/android/build/gradle/internal/tasks/CheckDuplicateClassesTask done
Event: 4.819 loading class com/android/build/gradle/internal/scope/InternalArtifactType$DUPLICATE_CLASSES_CHECK
Event: 4.819 loading class com/android/build/gradle/internal/scope/InternalArtifactType$DUPLICATE_CLASSES_CHECK done
Event: 4.819 loading class com/android/build/gradle/internal/tasks/CheckDuplicateClassesTask$CreationAction$handleProvider$1
Event: 4.819 loading class com/android/build/gradle/internal/tasks/CheckDuplicateClassesTask$CreationAction$handleProvider$1 done
Event: 4.819 loading class com/android/build/gradle/internal/tasks/DexArchiveBuilderTask$CreationAction$classesFilter$1
Event: 4.819 loading class com/android/build/gradle/internal/tasks/DexArchiveBuilderTask$CreationAction$classesFilter$1 done
Event: 4.820 loading class com/android/build/gradle/internal/pipeline/StreamFilter
Event: 4.820 loading class com/android/build/gradle/internal/pipeline/StreamFilter done


Dynamic libraries:
0x00007ff696310000 - 0x00007ff696341000 	C:\Program Files\Android\Android Studio\jre\bin\java.exe
0x00007fff18280000 - 0x00007fff18470000 	C:\WINDOWS\SYSTEM32\ntdll.dll
0x00007ffef3d30000 - 0x00007ffef3d43000 	C:\Program Files\AVAST Software\Avast\aswhook.dll
0x00007fff176a0000 - 0x00007fff17752000 	C:\WINDOWS\System32\KERNEL32.DLL
0x00007fff15240000 - 0x00007fff154e3000 	C:\WINDOWS\System32\KERNELBASE.dll
0x00007fff177f0000 - 0x00007fff17893000 	C:\WINDOWS\System32\ADVAPI32.dll
0x00007fff17960000 - 0x00007fff179fe000 	C:\WINDOWS\System32\msvcrt.dll
0x00007fff16630000 - 0x00007fff166c7000 	C:\WINDOWS\System32\sechost.dll
0x00007fff16740000 - 0x00007fff16860000 	C:\WINDOWS\System32\RPCRT4.dll
0x00007fff16490000 - 0x00007fff16624000 	C:\WINDOWS\System32\USER32.dll
0x00007fff15210000 - 0x00007fff15231000 	C:\WINDOWS\System32\win32u.dll
0x00007fff17930000 - 0x00007fff17956000 	C:\WINDOWS\System32\GDI32.dll
0x00007fff15f10000 - 0x00007fff160a4000 	C:\WINDOWS\System32\gdi32full.dll
0x00007fff160b0000 - 0x00007fff1614e000 	C:\WINDOWS\System32\msvcp_win.dll
0x00007fff16150000 - 0x00007fff1624a000 	C:\WINDOWS\System32\ucrtbase.dll
0x00007ffefded0000 - 0x00007ffefe155000 	C:\WINDOWS\WinSxS\amd64_microsoft.windows.common-controls_6595b64144ccf1df_6.0.18362.778_none_e6c6b761130d4fb8\COMCTL32.dll
0x00007fff17a00000 - 0x00007fff17d36000 	C:\WINDOWS\System32\combase.dll
0x00007fff15c90000 - 0x00007fff15d10000 	C:\WINDOWS\System32\bcryptPrimitives.dll
0x00007fff177c0000 - 0x00007fff177ee000 	C:\WINDOWS\System32\IMM32.DLL
0x00000000553e0000 - 0x00000000554b2000 	C:\Program Files\Android\Android Studio\jre\jre\bin\msvcr100.dll
0x00000000555a0000 - 0x0000000055de6000 	C:\Program Files\Android\Android Studio\jre\jre\bin\server\jvm.dll
0x00007fff17d40000 - 0x00007fff17d48000 	C:\WINDOWS\System32\PSAPI.DLL
0x00007ffefcbf0000 - 0x00007ffefcbf9000 	C:\WINDOWS\SYSTEM32\WSOCK32.dll
0x00007fff166d0000 - 0x00007fff1673f000 	C:\WINDOWS\System32\WS2_32.dll
0x00007fff06210000 - 0x00007fff06234000 	C:\WINDOWS\SYSTEM32\WINMM.dll
0x00007fff0fc80000 - 0x00007fff0fc8a000 	C:\WINDOWS\SYSTEM32\VERSION.dll
0x00007fff061e0000 - 0x00007fff0620d000 	C:\WINDOWS\SYSTEM32\WINMMBASE.dll
0x00007fff16250000 - 0x00007fff1629a000 	C:\WINDOWS\System32\cfgmgr32.dll
0x00007fff10ec0000 - 0x00007fff10ecf000 	C:\Program Files\Android\Android Studio\jre\jre\bin\verify.dll
0x00007fff02c50000 - 0x00007fff02c79000 	C:\Program Files\Android\Android Studio\jre\jre\bin\java.dll
0x00007fff04830000 - 0x00007fff04846000 	C:\Program Files\Android\Android Studio\jre\jre\bin\zip.dll
0x00007fff16a00000 - 0x00007fff170e5000 	C:\WINDOWS\System32\SHELL32.dll
0x00007fff16950000 - 0x00007fff169f9000 	C:\WINDOWS\System32\shcore.dll
0x00007fff15510000 - 0x00007fff15c90000 	C:\WINDOWS\System32\windows.storage.dll
0x00007fff151e0000 - 0x00007fff15203000 	C:\WINDOWS\System32\profapi.dll
0x00007fff15150000 - 0x00007fff1519a000 	C:\WINDOWS\System32\powrprof.dll
0x00007fff15140000 - 0x00007fff15150000 	C:\WINDOWS\System32\UMPDC.dll
0x00007fff181e0000 - 0x00007fff18232000 	C:\WINDOWS\System32\shlwapi.dll
0x00007fff151a0000 - 0x00007fff151b1000 	C:\WINDOWS\System32\kernel.appcore.dll
0x00007fff154f0000 - 0x00007fff15507000 	C:\WINDOWS\System32\cryptsp.dll
0x00007fff02410000 - 0x00007fff0242a000 	C:\Program Files\Android\Android Studio\jre\jre\bin\net.dll
0x00007ffefef40000 - 0x00007ffeff115000 	C:\WINDOWS\SYSTEM32\urlmon.dll
0x00007fff07e50000 - 0x00007fff080f6000 	C:\WINDOWS\SYSTEM32\iertutil.dll
0x00007fff14b80000 - 0x00007fff14b8c000 	C:\WINDOWS\SYSTEM32\CRYPTBASE.DLL
0x00007fff149b0000 - 0x00007fff14a17000 	C:\WINDOWS\system32\mswsock.dll
0x00007fff023f0000 - 0x00007fff02403000 	C:\Program Files\Android\Android Studio\jre\jre\bin\nio.dll
0x00007ffef3dc0000 - 0x00007ffef3de6000 	C:\Users\KIKT\.gradle\native\30\windows-amd64\native-platform.dll
0x00007fff07a20000 - 0x00007fff07a2d000 	C:\Program Files\Android\Android Studio\jre\jre\bin\management.dll
0x00007fff14520000 - 0x00007fff14553000 	C:\WINDOWS\system32\rsaenh.dll
0x00007fff162a0000 - 0x00007fff162c6000 	C:\WINDOWS\System32\bcrypt.dll
0x00007fff15060000 - 0x00007fff15085000 	C:\WINDOWS\SYSTEM32\USERENV.dll
0x00007fff146c0000 - 0x00007fff146fa000 	C:\WINDOWS\SYSTEM32\IPHLPAPI.DLL
0x00007fff17db0000 - 0x00007fff17db8000 	C:\WINDOWS\System32\NSI.dll
0x00007fff0fc90000 - 0x00007fff0fca6000 	C:\WINDOWS\SYSTEM32\dhcpcsvc6.DLL
0x00007fff0fba0000 - 0x00007fff0fbbc000 	C:\WINDOWS\SYSTEM32\dhcpcsvc.DLL
0x00007fff14700000 - 0x00007fff147ca000 	C:\WINDOWS\SYSTEM32\DNSAPI.dll

VM Arguments:
jvm_args: -Xmx1536m -Dfile.encoding=windows-1252 -Duser.country=US -Duser.language=en -Duser.variant 
java_command: org.gradle.launcher.daemon.bootstrap.GradleDaemon 5.6.4
java_class_path (initial): C:\Users\KIKT\.gradle\wrapper\dists\gradle-5.6.4-all\ankdp27end7byghfw1q2sw75f\gradle-5.6.4\lib\gradle-launcher-5.6.4.jar
Launcher Type: SUN_STANDARD

Environment Variables:
JAVA_HOME=D:\spark\java
PATH=C:\Program Files (x86)\Common Files\Oracle\Java\javapath;C:\WINDOWS\system32;C:\WINDOWS;C:\WINDOWS\System32\Wbem;C:\WINDOWS\System32\WindowsPowerShell\v1.0\;C:\WINDOWS\System32\OpenSSH\;D:\spark\java\bin;D:\spark\hadoop\bin;D:\spark\spark\bin;C:\Program Files\dotnet\;C:\Program Files\Git\cmd;C:\Users\KIKT\AppData\Local\Microsoft\WindowsApps;C:\Users\KIKT\AppData\Local\GitHubDesktop\bin;C:\Users\KIKT\.android\avd;C:\Users\KIKT\.android\;
USERNAME=KIKT
OS=Windows_NT
PROCESSOR_IDENTIFIER=Intel64 Family 6 Model 158 Stepping 10, GenuineIntel



---------------  S Y S T E M  ---------------

OS: Windows 10.0 , 64 bit Build 18362 (10.0.18362.778)

CPU:total 12 (initial active 12) (6 cores per cpu, 2 threads per core) family 6 model 158 stepping 10, cmov, cx8, fxsr, mmx, sse, sse2, sse3, ssse3, sse4.1, sse4.2, popcnt, avx, avx2, aes, clmul, erms, rtm, 3dnowpref, lzcnt, ht, tsc, tscinvbit, bmi1, bmi2, adx

Memory: 4k page, physical 16699300k(4692200k free), swap 17723300k(5000k free)

vm_info: OpenJDK 64-Bit Server VM (25.212-b04) for windows-amd64 JRE (1.8.0_212-release-1586-b04), built by "builder" with MS VC++ 10.0 (VS2010)

time: Wed Apr 22 16:22:43 2020
timezone: SE Asia Standard Time
elapsed time: 4 seconds (0d 0h 0m 4s)

