#
# There is insufficient memory for the Java Runtime Environment to continue.
# Native memory allocation (malloc) failed to allocate 1261024 bytes for Chunk::new
# Possible reasons:
#   The system is out of physical RAM or swap space
#   The process is running with CompressedOops enabled, and the Java Heap may be blocking the growth of the native heap
# Possible solutions:
#   Reduce memory load on the system
#   Increase physical memory or swap space
#   Check if swap backing store is full
#   Decrease Java heap size (-Xmx/-Xms)
#   Decrease number of Java threads
#   Decrease Java thread stack sizes (-Xss)
#   Set larger code cache with -XX:ReservedCodeCacheSize=
#   JVM is running with Unscaled Compressed Oops mode in which the Java heap is
#     placed in the first 4GB address space. The Java Heap base address is the
#     maximum limit for the native heap growth. Please use -XX:HeapBaseMinAddress
#     to set the Java Heap base and to place the Java Heap above 4GB virtual address.
# This output file may be truncated or incomplete.
#
#  Out of Memory Error (allocation.cpp:389), pid=24288, tid=0x0000000000000a30
#
# JRE version: OpenJDK Runtime Environment (8.0_212-b04) (build 1.8.0_212-release-1586-b04)
# Java VM: OpenJDK 64-Bit Server VM (25.212-b04 mixed mode windows-amd64 compressed oops)
# Failed to write core dump. Minidumps are not enabled by default on client versions of Windows
#

---------------  T H R E A D  ---------------

Current thread (0x00000000185c9000):  JavaThread "C2 CompilerThread2" daemon [_thread_in_native, id=2608, stack(0x0000000019e20000,0x0000000019f20000)]

Stack: [0x0000000019e20000,0x0000000019f20000]
[error occurred during error reporting (printing stack bounds), id 0xc0000005]

Native frames: (J=compiled Java code, j=interpreted, Vv=VM code, C=native code)


Current CompileTask:
C2:1729745 23861       4       com.android.tools.r8.dex.m::a (576 bytes)


---------------  P R O C E S S  ---------------

Java Threads: ( => current thread )
  0x0000000022f05800 JavaThread "WorkerExecutor Queue Thread 9" [_thread_blocked, id=2488, stack(0x000000002af50000,0x000000002b050000)]
  0x0000000025b01000 JavaThread "WorkerExecutor Queue Thread 8" [_thread_blocked, id=17864, stack(0x000000002a820000,0x000000002a920000)]
  0x0000000025aff000 JavaThread "WorkerExecutor Queue Thread 7" [_thread_blocked, id=3908, stack(0x000000002a470000,0x000000002a570000)]
  0x0000000025af6000 JavaThread "WorkerExecutor Queue Thread 6" [_thread_blocked, id=3640, stack(0x000000002a370000,0x000000002a470000)]
  0x0000000025afa800 JavaThread "WorkerExecutor Queue Thread 5" [_thread_blocked, id=24928, stack(0x000000002a0c0000,0x000000002a1c0000)]
  0x0000000025afc000 JavaThread "WorkerExecutor Queue Thread 4" [_thread_blocked, id=22048, stack(0x0000000029fc0000,0x000000002a0c0000)]
  0x0000000025af4800 JavaThread "WorkerExecutor Queue Thread 3" [_thread_blocked, id=11308, stack(0x0000000029cc0000,0x0000000029dc0000)]
  0x0000000025af3000 JavaThread "WorkerExecutor Queue Thread 2" [_thread_blocked, id=25788, stack(0x0000000029bc0000,0x0000000029cc0000)]
  0x0000000025af9800 JavaThread "WorkerExecutor Queue" [_thread_blocked, id=25776, stack(0x0000000029ac0000,0x0000000029bc0000)]
  0x0000000025af8000 JavaThread "Cache worker for Java compile cache (C:\Users\KIKT\AndroidStudioProjects\Covid19Today\Covid19Today copy\.gradle\5.6.4\javaCompile)" [_thread_blocked, id=23280, stack(0x000000002a270000,0x000000002a370000)]
  0x000000001e8b7800 JavaThread "Cache worker for execution history cache (C:\Users\KIKT\AndroidStudioProjects\Covid19Today\Covid19Today copy\.gradle\5.6.4\executionHistory)" [_thread_blocked, id=24568, stack(0x00000000299c0000,0x0000000029ac0000)]
  0x000000001e8b6000 JavaThread "Execution worker for ':' Thread 11" [_thread_blocked, id=19972, stack(0x00000000298c0000,0x00000000299c0000)]
  0x000000001e8b7000 JavaThread "Execution worker for ':' Thread 10" [_thread_blocked, id=276, stack(0x00000000297c0000,0x00000000298c0000)]
  0x000000001e8b2800 JavaThread "Execution worker for ':' Thread 9" [_thread_blocked, id=14684, stack(0x00000000296c0000,0x00000000297c0000)]
  0x000000001e8b4800 JavaThread "Execution worker for ':' Thread 8" [_thread_blocked, id=14836, stack(0x00000000295c0000,0x00000000296c0000)]
  0x000000001e8b5800 JavaThread "Execution worker for ':' Thread 7" [_thread_blocked, id=22872, stack(0x00000000294c0000,0x00000000295c0000)]
  0x000000001e8ab000 JavaThread "Execution worker for ':' Thread 6" [_thread_blocked, id=20396, stack(0x00000000293c0000,0x00000000294c0000)]
  0x000000001e8b1800 JavaThread "Execution worker for ':' Thread 5" [_thread_blocked, id=24696, stack(0x00000000292c0000,0x00000000293c0000)]
  0x000000001e8aa000 JavaThread "Execution worker for ':' Thread 4" [_thread_blocked, id=9220, stack(0x00000000291c0000,0x00000000292c0000)]
  0x000000001e8ab800 JavaThread "Execution worker for ':' Thread 3" [_thread_in_vm, id=24600, stack(0x00000000290c0000,0x00000000291c0000)]
  0x000000001e8b0000 JavaThread "Execution worker for ':' Thread 2" [_thread_blocked, id=11708, stack(0x0000000028fc0000,0x00000000290c0000)]
  0x000000001e8ad000 JavaThread "Execution worker for ':'" [_thread_blocked, id=17368, stack(0x0000000028dc0000,0x0000000028ec0000)]
  0x000000001e8a9800 JavaThread "Cache worker for file content cache (C:\Users\KIKT\AndroidStudioProjects\Covid19Today\Covid19Today copy\.gradle\5.6.4\fileContent)" [_thread_blocked, id=25472, stack(0x0000000028cc0000,0x0000000028dc0000)]
  0x000000001e8ae800 JavaThread "Cache worker for Build Output Cleanup Cache (C:\Users\KIKT\AndroidStudioProjects\Covid19Today\Covid19Today copy\.gradle\buildOutputCleanup)" [_thread_blocked, id=14948, stack(0x0000000028bc0000,0x0000000028cc0000)]
  0x000000001e8af800 JavaThread "pool-17-thread-1" [_thread_blocked, id=21092, stack(0x0000000027a00000,0x0000000027b00000)]
  0x000000002d6e2800 JavaThread "Build operations Thread 12" [_thread_blocked, id=22096, stack(0x0000000027650000,0x0000000027750000)]
  0x000000002d6e1800 JavaThread "Build operations Thread 11" [_thread_blocked, id=19648, stack(0x0000000026970000,0x0000000026a70000)]
  0x000000002d6e1000 JavaThread "Build operations Thread 10" [_thread_blocked, id=25980, stack(0x0000000024ea0000,0x0000000024fa0000)]
  0x000000002d6e0000 JavaThread "Build operations Thread 9" [_thread_blocked, id=16052, stack(0x0000000024ba0000,0x0000000024ca0000)]
  0x000000002d6d8800 JavaThread "Build operations Thread 8" [_thread_blocked, id=22228, stack(0x00000000246a0000,0x00000000247a0000)]
  0x000000002d6de800 JavaThread "Build operations Thread 7" [_thread_blocked, id=26256, stack(0x00000000245a0000,0x00000000246a0000)]
  0x000000002d6df800 JavaThread "Build operations Thread 6" [_thread_blocked, id=20088, stack(0x00000000244a0000,0x00000000245a0000)]
  0x000000002d6d7000 JavaThread "Build operations Thread 5" [_thread_blocked, id=25460, stack(0x00000000243a0000,0x00000000244a0000)]
  0x000000002d6d7800 JavaThread "Build operations Thread 4" [_thread_blocked, id=21792, stack(0x00000000242a0000,0x00000000243a0000)]
  0x000000002d6dd800 JavaThread "Build operations Thread 3" [_thread_blocked, id=24436, stack(0x00000000241a0000,0x00000000242a0000)]
  0x000000002d6dd000 JavaThread "Build operations Thread 2" [_thread_blocked, id=3636, stack(0x00000000240a0000,0x00000000241a0000)]
  0x000000002d6d5800 JavaThread "Build operations" [_thread_blocked, id=13444, stack(0x0000000023fa0000,0x00000000240a0000)]
  0x000000002d6dc000 JavaThread "Cache worker for cache directory md-rule (C:\Users\KIKT\.gradle\caches\5.6.4\md-rule)" [_thread_blocked, id=24064, stack(0x0000000023ea0000,0x0000000023fa0000)]
  0x000000002d6d4800 JavaThread "Cache worker for cache directory md-supplier (C:\Users\KIKT\.gradle\caches\5.6.4\md-supplier)" [_thread_blocked, id=15108, stack(0x0000000023b50000,0x0000000023c50000)]
  0x000000002d6d6000 JavaThread "Cache worker for file hash cache (C:\Users\KIKT\AndroidStudioProjects\Covid19Today\Covid19Today copy\.gradle\5.6.4\fileHashes)" [_thread_blocked, id=2536, stack(0x0000000021cb0000,0x0000000021db0000)]
  0x000000002d6db800 JavaThread "Thread-358" [_thread_blocked, id=24412, stack(0x0000000021bb0000,0x0000000021cb0000)]
  0x000000002d6d9000 JavaThread "Stdin handler" [_thread_blocked, id=22152, stack(0x000000001e240000,0x000000001e340000)]
  0x000000002d6da800 JavaThread "Asynchronous log dispatcher for DefaultDaemonConnection: socket connection from /127.0.0.1:63225 to /127.0.0.1:63778" [_thread_blocked, id=25872, stack(0x000000001da40000,0x000000001db40000)]
  0x000000002d6da000 JavaThread "Cancel handler" [_thread_blocked, id=25176, stack(0x000000001d740000,0x000000001d840000)]
  0x000000002d6d4000 JavaThread "Handler for socket connection from /127.0.0.1:63225 to /127.0.0.1:63778" [_thread_in_native, id=18604, stack(0x000000001d440000,0x000000001d540000)]
  0x000000001f22b000 JavaThread "ForkJoinPool.commonPool-worker-10" daemon [_thread_blocked, id=17248, stack(0x0000000033f00000,0x0000000034000000)]
  0x000000001f228000 JavaThread "ForkJoinPool.commonPool-worker-1" daemon [_thread_blocked, id=11892, stack(0x0000000033e00000,0x0000000033f00000)]
  0x000000001f224800 JavaThread "ForkJoinPool.commonPool-worker-8" daemon [_thread_blocked, id=24100, stack(0x00000000333d0000,0x00000000334d0000)]
  0x0000000022f0a000 JavaThread "Daemon worker Thread 5" [_thread_blocked, id=26536, stack(0x000000001d940000,0x000000001da40000)]
  0x0000000022f02800 JavaThread "Daemon Thread 5" [_thread_blocked, id=26340, stack(0x000000001d340000,0x000000001d440000)]
  0x0000000022efe000 JavaThread "Cache worker for Java compile cache (C:\Users\KIKT\.gradle\caches\5.6.4\javaCompile)" [_thread_blocked, id=152, stack(0x000000002c350000,0x000000002c450000)]
  0x0000000025af5000 JavaThread "MarlinRenderer Disposer" daemon [_thread_blocked, id=6724, stack(0x000000002ade0000,0x000000002aee0000)]
  0x0000000025af6800 JavaThread "Java2D Disposer" daemon [_thread_blocked, id=18776, stack(0x000000002aac0000,0x000000002abc0000)]
  0x000000001f229000 JavaThread "Cache worker for file content cache (C:\Users\KIKT\.gradle\caches\5.6.4\fileContent)" [_thread_blocked, id=13300, stack(0x0000000028ec0000,0x0000000028fc0000)]
  0x0000000022f03800 JavaThread "Memory manager" [_thread_blocked, id=6316, stack(0x0000000026ae0000,0x0000000026be0000)]
  0x000000001f223000 JavaThread "Cache worker for execution history cache (C:\Users\KIKT\.gradle\caches\5.6.4\executionHistory)" [_thread_blocked, id=19020, stack(0x0000000021db0000,0x0000000021eb0000)]
  0x00000000185cf000 JavaThread "Cache worker for journal cache (C:\Users\KIKT\.gradle\caches\journal-1)" [_thread_blocked, id=25196, stack(0x000000001e140000,0x000000001e240000)]
  0x00000000185cc800 JavaThread "File lock request listener" [_thread_in_native, id=22680, stack(0x000000001e040000,0x000000001e140000)]
  0x000000001bedb000 JavaThread "Cache worker for file hash cache (C:\Users\KIKT\.gradle\caches\5.6.4\fileHashes)" [_thread_blocked, id=25464, stack(0x000000001df40000,0x000000001e040000)]
  0x000000001bdd4800 JavaThread "Daemon periodic checks" [_thread_blocked, id=20928, stack(0x000000001d240000,0x000000001d340000)]
  0x000000001bdd3800 JavaThread "Incoming local TCP Connector on port 63225" [_thread_in_native, id=10400, stack(0x000000001d000000,0x000000001d100000)]
  0x000000001bce1800 JavaThread "Daemon health stats" [_thread_blocked, id=21384, stack(0x000000001c9c0000,0x000000001cac0000)]
  0x000000001865c000 JavaThread "Service Thread" daemon [_thread_blocked, id=25400, stack(0x000000001a020000,0x000000001a120000)]
  0x00000000185cd800 JavaThread "C1 CompilerThread3" daemon [_thread_blocked, id=9312, stack(0x0000000019f20000,0x000000001a020000)]
=>0x00000000185c9000 JavaThread "C2 CompilerThread2" daemon [_thread_in_native, id=2608, stack(0x0000000019e20000,0x0000000019f20000)]
  0x00000000185c4000 JavaThread "C2 CompilerThread1" daemon [_thread_in_native, id=22868, stack(0x0000000019d20000,0x0000000019e20000)]
  0x00000000185ba800 JavaThread "C2 CompilerThread0" daemon [_thread_in_native, id=21352, stack(0x0000000019c20000,0x0000000019d20000)]
  0x00000000185b9000 JavaThread "Attach Listener" daemon [_thread_blocked, id=8800, stack(0x0000000019b20000,0x0000000019c20000)]
  0x00000000185b8000 JavaThread "Signal Dispatcher" daemon [_thread_blocked, id=12840, stack(0x0000000019a20000,0x0000000019b20000)]
  0x0000000016ed2000 JavaThread "Finalizer" daemon [_thread_blocked, id=11588, stack(0x0000000019820000,0x0000000019920000)]
  0x00000000185b3000 JavaThread "Reference Handler" daemon [_thread_blocked, id=11364, stack(0x0000000019720000,0x0000000019820000)]
  0x0000000002cfd800 JavaThread "main" [_thread_blocked, id=2860, stack(0x0000000002d10000,0x0000000002e10000)]

Other Threads:
  0x0000000016ec5800 VMThread [stack: 0x0000000019620000,0x0000000019720000] [id=11056]
  0x000000001865d000 WatcherThread [stack: 0x000000001a120000,0x000000001a220000] [id=20140]

VM state:not at safepoint (normal execution)

VM Mutex/Monitor currently owned by a thread: None

OutOfMemory and StackOverflow Exception counts:
OutOfMemoryError java_heap_errors=1

heap address: 0x00000000a0000000, size: 1536 MB, Compressed Oops mode: 32-bit
Narrow klass base: 0x0000000000000000, Narrow klass shift: 3
Compressed class space size: 1073741824 Address: 0x0000000100000000

Heap:
 PSYoungGen      total 403456K, used 123361K [0x00000000e0000000, 0x00000000fe400000, 0x0000000100000000)
  eden space 344064K, 18% used [0x00000000e0000000,0x00000000e3e7b5f0,0x00000000f5000000)
  from space 59392K, 99% used [0x00000000f5000000,0x00000000f89fcfb8,0x00000000f8a00000)
  to   space 68608K, 0% used [0x00000000fa100000,0x00000000fa100000,0x00000000fe400000)
 ParOldGen       total 376320K, used 90436K [0x00000000a0000000, 0x00000000b6f80000, 0x00000000e0000000)
  object space 376320K, 24% used [0x00000000a0000000,0x00000000a5851190,0x00000000b6f80000)
 Metaspace       used 103812K, capacity 110202K, committed 110464K, reserved 1144832K
  class space    used 13443K, capacity 14663K, committed 14720K, reserved 1048576K

Card table byte_map: [0x00000000122d0000,0x00000000125e0000] byte_map_base: 0x0000000011dd0000

Marking Bits: (ParMarkBitMap*) 0x0000000065769f30
 Begin Bits: [0x00000000131e0000, 0x00000000149e0000)
 End Bits:   [0x00000000149e0000, 0x00000000161e0000)

Polling page: 0x0000000000df0000

CodeCache: size=245760Kb used=61602Kb max_used=61616Kb free=184157Kb
 bounds [0x0000000002f10000, 0x0000000006b90000, 0x0000000011f10000]
 total_blobs=19523 nmethods=18505 adapters=930
 compilation: enabled

Compilation events (10 events):
Event: 1729.737 Thread 0x00000000185cd800 23921       2       com.google.common.base.Preconditions::checkNotNull (26 bytes)
Event: 1729.737 Thread 0x00000000185cd800 nmethod 23921 0x0000000006b73750 code [0x0000000006b738c0, 0x0000000006b73bb8]
Event: 1729.737 Thread 0x00000000185cd800 23922       2       java.security.MessageDigest::reset (10 bytes)
Event: 1729.737 Thread 0x00000000185cd800 nmethod 23922 0x0000000006b733d0 code [0x0000000006b73540, 0x0000000006b736c8]
Event: 1729.737 Thread 0x00000000185cd800 23923       2       java.security.MessageDigest$Delegate::engineReset (8 bytes)
Event: 1729.737 Thread 0x00000000185cd800 nmethod 23923 0x0000000006b73050 code [0x0000000006b731c0, 0x0000000006b73348]
Event: 1729.742 Thread 0x00000000185cd800 23924       2       com.android.zipflinger.FreeStore$Zone::<init> (20 bytes)
Event: 1729.742 Thread 0x00000000185c4000 nmethod 23896 0x0000000006b8ad90 code [0x0000000006b8b000, 0x0000000006b8bfa0]
Event: 1729.742 Thread 0x00000000185cd800 nmethod 23924 0x0000000006b72cd0 code [0x0000000006b72e20, 0x0000000006b72fb0]
Event: 1729.742 Thread 0x00000000185c4000 23920   !   4       java.io.ObjectStreamClass::getReflector (336 bytes)

GC Heap History (10 events):
Event: 1175.460 GC heap before
{Heap before GC invocations=25 (full 4):
 PSYoungGen      total 346112K, used 346097K [0x00000000e0000000, 0x00000000fae80000, 0x0000000100000000)
  eden space 290304K, 100% used [0x00000000e0000000,0x00000000f1b80000,0x00000000f1b80000)
  from space 55808K, 99% used [0x00000000f5b80000,0x00000000f91fc5f8,0x00000000f9200000)
  to   space 65536K, 0% used [0x00000000f1b80000,0x00000000f1b80000,0x00000000f5b80000)
 ParOldGen       total 376320K, used 86437K [0x00000000a0000000, 0x00000000b6f80000, 0x00000000e0000000)
  object space 376320K, 22% used [0x00000000a0000000,0x00000000a5469440,0x00000000b6f80000)
 Metaspace       used 101602K, capacity 107062K, committed 107392K, reserved 1142784K
  class space    used 13274K, capacity 14375K, committed 14464K, reserved 1048576K
Event: 1175.468 GC heap after
Heap after GC invocations=25 (full 4):
 PSYoungGen      total 355840K, used 15807K [0x00000000e0000000, 0x00000000fbe00000, 0x0000000100000000)
  eden space 290304K, 0% used [0x00000000e0000000,0x00000000e0000000,0x00000000f1b80000)
  from space 65536K, 24% used [0x00000000f1b80000,0x00000000f2aefce0,0x00000000f5b80000)
  to   space 64000K, 0% used [0x00000000f7f80000,0x00000000f7f80000,0x00000000fbe00000)
 ParOldGen       total 376320K, used 89555K [0x00000000a0000000, 0x00000000b6f80000, 0x00000000e0000000)
  object space 376320K, 23% used [0x00000000a0000000,0x00000000a5774c50,0x00000000b6f80000)
 Metaspace       used 101602K, capacity 107062K, committed 107392K, reserved 1142784K
  class space    used 13274K, capacity 14375K, committed 14464K, reserved 1048576K
}
Event: 1575.829 GC heap before
{Heap before GC invocations=26 (full 4):
 PSYoungGen      total 355840K, used 306111K [0x00000000e0000000, 0x00000000fbe00000, 0x0000000100000000)
  eden space 290304K, 100% used [0x00000000e0000000,0x00000000f1b80000,0x00000000f1b80000)
  from space 65536K, 24% used [0x00000000f1b80000,0x00000000f2aefce0,0x00000000f5b80000)
  to   space 64000K, 0% used [0x00000000f7f80000,0x00000000f7f80000,0x00000000fbe00000)
 ParOldGen       total 376320K, used 89555K [0x00000000a0000000, 0x00000000b6f80000, 0x00000000e0000000)
  object space 376320K, 23% used [0x00000000a0000000,0x00000000a5774c50,0x00000000b6f80000)
 Metaspace       used 102425K, capacity 108062K, committed 108288K, reserved 1142784K
  class space    used 13334K, capacity 14471K, committed 14592K, reserved 1048576K
Event: 1575.846 GC heap after
Heap after GC invocations=26 (full 4):
 PSYoungGen      total 372224K, used 22372K [0x00000000e0000000, 0x00000000fb100000, 0x0000000100000000)
  eden space 321536K, 0% used [0x00000000e0000000,0x00000000e0000000,0x00000000f3a00000)
  from space 50688K, 44% used [0x00000000f7f80000,0x00000000f9559380,0x00000000fb100000)
  to   space 60928K, 0% used [0x00000000f3a00000,0x00000000f3a00000,0x00000000f7580000)
 ParOldGen       total 376320K, used 89563K [0x00000000a0000000, 0x00000000b6f80000, 0x00000000e0000000)
  object space 376320K, 23% used [0x00000000a0000000,0x00000000a5776c50,0x00000000b6f80000)
 Metaspace       used 102425K, capacity 108062K, committed 108288K, reserved 1142784K
  class space    used 13334K, capacity 14471K, committed 14592K, reserved 1048576K
}
Event: 1642.046 GC heap before
{Heap before GC invocations=27 (full 4):
 PSYoungGen      total 372224K, used 343908K [0x00000000e0000000, 0x00000000fb100000, 0x0000000100000000)
  eden space 321536K, 100% used [0x00000000e0000000,0x00000000f3a00000,0x00000000f3a00000)
  from space 50688K, 44% used [0x00000000f7f80000,0x00000000f9559380,0x00000000fb100000)
  to   space 60928K, 0% used [0x00000000f3a00000,0x00000000f3a00000,0x00000000f7580000)
 ParOldGen       total 376320K, used 89563K [0x00000000a0000000, 0x00000000b6f80000, 0x00000000e0000000)
  object space 376320K, 23% used [0x00000000a0000000,0x00000000a5776c50,0x00000000b6f80000)
 Metaspace       used 103052K, capacity 108828K, committed 109056K, reserved 1144832K
  class space    used 13350K, capacity 14500K, committed 14592K, reserved 1048576K
Event: 1642.062 GC heap after
Heap after GC invocations=27 (full 4):
 PSYoungGen      total 382464K, used 33141K [0x00000000e0000000, 0x00000000fca80000, 0x0000000100000000)
  eden space 321536K, 0% used [0x00000000e0000000,0x00000000e0000000,0x00000000f3a00000)
  from space 60928K, 54% used [0x00000000f3a00000,0x00000000f5a5d600,0x00000000f7580000)
  to   space 59904K, 0% used [0x00000000f9000000,0x00000000f9000000,0x00000000fca80000)
 ParOldGen       total 376320K, used 89571K [0x00000000a0000000, 0x00000000b6f80000, 0x00000000e0000000)
  object space 376320K, 23% used [0x00000000a0000000,0x00000000a5778c50,0x00000000b6f80000)
 Metaspace       used 103052K, capacity 108828K, committed 109056K, reserved 1144832K
  class space    used 13350K, capacity 14500K, committed 14592K, reserved 1048576K
}
Event: 1668.468 GC heap before
{Heap before GC invocations=28 (full 4):
 PSYoungGen      total 382464K, used 354677K [0x00000000e0000000, 0x00000000fca80000, 0x0000000100000000)
  eden space 321536K, 100% used [0x00000000e0000000,0x00000000f3a00000,0x00000000f3a00000)
  from space 60928K, 54% used [0x00000000f3a00000,0x00000000f5a5d600,0x00000000f7580000)
  to   space 59904K, 0% used [0x00000000f9000000,0x00000000f9000000,0x00000000fca80000)
 ParOldGen       total 376320K, used 89571K [0x00000000a0000000, 0x00000000b6f80000, 0x00000000e0000000)
  object space 376320K, 23% used [0x00000000a0000000,0x00000000a5778c50,0x00000000b6f80000)
 Metaspace       used 103450K, capacity 109514K, committed 109568K, reserved 1144832K
  class space    used 13395K, capacity 14581K, committed 14592K, reserved 1048576K
Event: 1668.474 GC heap after
Heap after GC invocations=28 (full 4):
 PSYoungGen      total 397312K, used 12239K [0x00000000e0000000, 0x00000000fc400000, 0x0000000100000000)
  eden space 344064K, 0% used [0x00000000e0000000,0x00000000e0000000,0x00000000f5000000)
  from space 53248K, 22% used [0x00000000f9000000,0x00000000f9bf3da0,0x00000000fc400000)
  to   space 59392K, 0% used [0x00000000f5000000,0x00000000f5000000,0x00000000f8a00000)
 ParOldGen       total 376320K, used 89579K [0x00000000a0000000, 0x00000000b6f80000, 0x00000000e0000000)
  object space 376320K, 23% used [0x00000000a0000000,0x00000000a577ac50,0x00000000b6f80000)
 Metaspace       used 103450K, capacity 109514K, committed 109568K, reserved 1144832K
  class space    used 13395K, capacity 14581K, committed 14592K, reserved 1048576K
}
Event: 1729.577 GC heap before
{Heap before GC invocations=29 (full 4):
 PSYoungGen      total 397312K, used 356303K [0x00000000e0000000, 0x00000000fc400000, 0x0000000100000000)
  eden space 344064K, 100% used [0x00000000e0000000,0x00000000f5000000,0x00000000f5000000)
  from space 53248K, 22% used [0x00000000f9000000,0x00000000f9bf3da0,0x00000000fc400000)
  to   space 59392K, 0% used [0x00000000f5000000,0x00000000f5000000,0x00000000f8a00000)
 ParOldGen       total 376320K, used 89579K [0x00000000a0000000, 0x00000000b6f80000, 0x00000000e0000000)
  object space 376320K, 23% used [0x00000000a0000000,0x00000000a577ac50,0x00000000b6f80000)
 Metaspace       used 103778K, capacity 110202K, committed 110464K, reserved 1144832K
  class space    used 13440K, capacity 14663K, committed 14720K, reserved 1048576K
Event: 1729.599 GC heap after
Heap after GC invocations=29 (full 4):
 PSYoungGen      total 403456K, used 59379K [0x00000000e0000000, 0x00000000fe400000, 0x0000000100000000)
  eden space 344064K, 0% used [0x00000000e0000000,0x00000000e0000000,0x00000000f5000000)
  from space 59392K, 99% used [0x00000000f5000000,0x00000000f89fcfb8,0x00000000f8a00000)
  to   space 68608K, 0% used [0x00000000fa100000,0x00000000fa100000,0x00000000fe400000)
 ParOldGen       total 376320K, used 90436K [0x00000000a0000000, 0x00000000b6f80000, 0x00000000e0000000)
  object space 376320K, 24% used [0x00000000a0000000,0x00000000a5851190,0x00000000b6f80000)
 Metaspace       used 103778K, capacity 110202K, committed 110464K, reserved 1144832K
  class space    used 13440K, capacity 14663K, committed 14720K, reserved 1048576K
}

Deoptimization events (10 events):
Event: 1729.144 Thread 0x0000000022f0a000 Uncommon trap: reason=speculate_class_check action=maybe_recompile pc=0x0000000003321f54 method=com.sun.tools.javac.file.JavacFileManager.inferBinaryName(Ljavax/tools/JavaFileManager$Location;Ljavax/tools/JavaFileObject;)Ljava/lang/String; @ 23
Event: 1729.144 Thread 0x0000000022f0a000 Uncommon trap: reason=speculate_class_check action=maybe_recompile pc=0x0000000005d22a28 method=com.sun.tools.javac.file.JavacFileManager.inferBinaryName(Ljavax/tools/JavaFileManager$Location;Ljavax/tools/JavaFileObject;)Ljava/lang/String; @ 23
Event: 1729.144 Thread 0x0000000022f0a000 Uncommon trap: reason=class_check action=maybe_recompile pc=0x0000000004481a90 method=com.sun.tools.javac.jvm.ClassReader.includeClassFile(Lcom/sun/tools/javac/code/Symbol$PackageSymbol;Ljavax/tools/JavaFileObject;)V @ 48
Event: 1729.144 Thread 0x0000000022f0a000 Uncommon trap: reason=speculate_class_check action=maybe_recompile pc=0x0000000005d22a28 method=com.sun.tools.javac.file.JavacFileManager.inferBinaryName(Ljavax/tools/JavaFileManager$Location;Ljavax/tools/JavaFileObject;)Ljava/lang/String; @ 23
Event: 1729.144 Thread 0x0000000022f0a000 Uncommon trap: reason=class_check action=maybe_recompile pc=0x0000000004481a90 method=com.sun.tools.javac.jvm.ClassReader.includeClassFile(Lcom/sun/tools/javac/code/Symbol$PackageSymbol;Ljavax/tools/JavaFileObject;)V @ 48
Event: 1729.285 Thread 0x000000001e8ab800 Uncommon trap: reason=bimorphic action=maybe_recompile pc=0x00000000041677f8 method=com.google.common.collect.AbstractMapBasedMultimap$WrappedCollection.removeIfEmpty()V @ 21
Event: 1729.285 Thread 0x000000001e8ab800 Uncommon trap: reason=bimorphic action=maybe_recompile pc=0x00000000041677f8 method=com.google.common.collect.AbstractMapBasedMultimap$WrappedCollection.removeIfEmpty()V @ 21
Event: 1729.285 Thread 0x000000001e8ab800 Uncommon trap: reason=bimorphic action=maybe_recompile pc=0x00000000041677f8 method=com.google.common.collect.AbstractMapBasedMultimap$WrappedCollection.removeIfEmpty()V @ 21
Event: 1729.285 Thread 0x000000001e8ab800 Uncommon trap: reason=bimorphic action=maybe_recompile pc=0x00000000041677f8 method=com.google.common.collect.AbstractMapBasedMultimap$WrappedCollection.removeIfEmpty()V @ 21
Event: 1729.344 Thread 0x0000000022f0d000 Uncommon trap: reason=unstable_if action=reinterpret pc=0x000000000683177c method=com.android.tools.r8.dex.j.b(I)Lcom/android/tools/r8/graph/x; @ 14

Classes redefined (0 events):
No events

Internal exceptions (10 events):
Event: 1663.864 Thread 0x0000000022f0a000 Implicit null exception at 0x00000000057d9d1f to 0x00000000057d9e4d
Event: 1664.240 Thread 0x0000000022f0a000 Exception <a 'sun/nio/fs/WindowsException'> (0x00000000f1abeea0) thrown at [D:\src\AOSP-openjdk-cygwin\jdk8u\hotspot\src\share\vm\prims\jni.cpp, line 710]
Event: 1668.397 Thread 0x0000000022f0a000 Exception <a 'sun/nio/fs/WindowsException'> (0x00000000f264d1d0) thrown at [D:\src\AOSP-openjdk-cygwin\jdk8u\hotspot\src\share\vm\prims\jni.cpp, line 710]
Event: 1668.831 Thread 0x0000000022f0a000 Exception <a 'sun/nio/fs/WindowsException'> (0x00000000e4efaba0) thrown at [D:\src\AOSP-openjdk-cygwin\jdk8u\hotspot\src\share\vm\prims\jni.cpp, line 710]
Event: 1728.818 Thread 0x0000000022f0a000 Exception <a 'sun/nio/fs/WindowsException'> (0x00000000e5c9f1a0) thrown at [D:\src\AOSP-openjdk-cygwin\jdk8u\hotspot\src\share\vm\prims\jni.cpp, line 710]
Event: 1729.251 Thread 0x0000000025afc000 Exception <a 'sun/nio/fs/WindowsException'> (0x00000000ec5d5a18) thrown at [D:\src\AOSP-openjdk-cygwin\jdk8u\hotspot\src\share\vm\prims\jni.cpp, line 710]
Event: 1729.256 Thread 0x0000000025afc000 Exception <a 'sun/nio/fs/WindowsException'> (0x00000000ec67c290) thrown at [D:\src\AOSP-openjdk-cygwin\jdk8u\hotspot\src\share\vm\prims\jni.cpp, line 710]
Event: 1729.306 Thread 0x0000000025aff000 Exception <a 'sun/nio/fs/WindowsException'> (0x00000000ed700260) thrown at [D:\src\AOSP-openjdk-cygwin\jdk8u\hotspot\src\share\vm\prims\jni.cpp, line 710]
Event: 1729.709 Thread 0x0000000022f0c800 Exception <a 'sun/nio/fs/WindowsException'> (0x00000000e3308458) thrown at [D:\src\AOSP-openjdk-cygwin\jdk8u\hotspot\src\share\vm\prims\jni.cpp, line 710]
Event: 1729.742 Thread 0x000000001f228000 Exception <a 'java/lang/OutOfMemoryError'> (0x00000000e38677a8) thrown at [D:\src\AOSP-openjdk-cygwin\jdk8u\hotspot\src\share\vm\prims\unsafe.cpp, line 618]

Events (10 events):
Event: 1729.743 loading class sun/misc/JavaNetHttpCookieAccess
Event: 1729.743 loading class sun/misc/JavaNetHttpCookieAccess done
Event: 1729.743 loading class sun/misc/JavaxCryptoSealedObjectAccess
Event: 1729.743 loading class sun/misc/JavaxCryptoSealedObjectAccess done
Event: 1729.744 loading class com/android/ide/common/workers/WorkerExecutorException$Companion
Event: 1729.744 loading class com/android/ide/common/workers/WorkerExecutorException$Companion done
Event: 1729.744 loading class org/gradle/tooling/BuildException
Event: 1729.744 loading class org/gradle/tooling/BuildException done
Event: 1729.744 loading class org/gradle/tooling/BuildException
Event: 1729.744 loading class org/gradle/tooling/BuildException done


Dynamic libraries:
0x00007ff6a2950000 - 0x00007ff6a2981000 	C:\Program Files\Android\Android Studio\jre\bin\java.exe
0x00007ff9fea40000 - 0x00007ff9fec30000 	C:\WINDOWS\SYSTEM32\ntdll.dll
0x00007ff9d3180000 - 0x00007ff9d3195000 	C:\Program Files\AVAST Software\Avast\aswhook.dll
0x00007ff9fd0b0000 - 0x00007ff9fd162000 	C:\WINDOWS\System32\KERNEL32.DLL
0x00007ff9fc280000 - 0x00007ff9fc523000 	C:\WINDOWS\System32\KERNELBASE.dll
0x00007ff9fcc10000 - 0x00007ff9fccb3000 	C:\WINDOWS\System32\ADVAPI32.dll
0x00007ff9fd1f0000 - 0x00007ff9fd28e000 	C:\WINDOWS\System32\msvcrt.dll
0x00007ff9fd790000 - 0x00007ff9fd827000 	C:\WINDOWS\System32\sechost.dll
0x00007ff9fcaf0000 - 0x00007ff9fcc10000 	C:\WINDOWS\System32\RPCRT4.dll
0x00007ff9fd290000 - 0x00007ff9fd424000 	C:\WINDOWS\System32\USER32.dll
0x00007ff9fb9d0000 - 0x00007ff9fb9f1000 	C:\WINDOWS\System32\win32u.dll
0x00007ff9fe1d0000 - 0x00007ff9fe1f6000 	C:\WINDOWS\System32\GDI32.dll
0x00007ff9fc760000 - 0x00007ff9fc8f4000 	C:\WINDOWS\System32\gdi32full.dll
0x00007ff9fc900000 - 0x00007ff9fc99e000 	C:\WINDOWS\System32\msvcp_win.dll
0x00007ff9fc180000 - 0x00007ff9fc27a000 	C:\WINDOWS\System32\ucrtbase.dll
0x00007ff9d9f40000 - 0x00007ff9da1c5000 	C:\WINDOWS\WinSxS\amd64_microsoft.windows.common-controls_6595b64144ccf1df_6.0.18362.720_none_e6beb5c51314836b\COMCTL32.dll
0x00007ff9fcd70000 - 0x00007ff9fd0a6000 	C:\WINDOWS\System32\combase.dll
0x00007ff9fc660000 - 0x00007ff9fc6e0000 	C:\WINDOWS\System32\bcryptPrimitives.dll
0x00007ff9fe970000 - 0x00007ff9fe99e000 	C:\WINDOWS\System32\IMM32.DLL
0x0000000065c30000 - 0x0000000065d02000 	C:\Program Files\Android\Android Studio\jre\jre\bin\msvcr100.dll
0x0000000064fa0000 - 0x00000000657e6000 	C:\Program Files\Android\Android Studio\jre\jre\bin\server\jvm.dll
0x00007ff9fd890000 - 0x00007ff9fd898000 	C:\WINDOWS\System32\PSAPI.DLL
0x00007ff9e0190000 - 0x00007ff9e0199000 	C:\WINDOWS\SYSTEM32\WSOCK32.dll
0x00007ff9fd5e0000 - 0x00007ff9fd64f000 	C:\WINDOWS\System32\WS2_32.dll
0x00007ff9f9820000 - 0x00007ff9f9844000 	C:\WINDOWS\SYSTEM32\WINMM.dll
0x00007ff9f4ad0000 - 0x00007ff9f4ada000 	C:\WINDOWS\SYSTEM32\VERSION.dll
0x00007ff9f93a0000 - 0x00007ff9f93cd000 	C:\WINDOWS\SYSTEM32\WINMMBASE.dll
0x00007ff9fc6e0000 - 0x00007ff9fc72a000 	C:\WINDOWS\System32\cfgmgr32.dll
0x00007ff9f7260000 - 0x00007ff9f726f000 	C:\Program Files\Android\Android Studio\jre\jre\bin\verify.dll
0x00007ff9d8b60000 - 0x00007ff9d8b89000 	C:\Program Files\Android\Android Studio\jre\jre\bin\java.dll
0x00007ff9d8940000 - 0x00007ff9d8956000 	C:\Program Files\Android\Android Studio\jre\jre\bin\zip.dll
0x00007ff9fe200000 - 0x00007ff9fe8e5000 	C:\WINDOWS\System32\SHELL32.dll
0x00007ff9fccc0000 - 0x00007ff9fcd69000 	C:\WINDOWS\System32\shcore.dll
0x00007ff9fba00000 - 0x00007ff9fc180000 	C:\WINDOWS\System32\windows.storage.dll
0x00007ff9fb950000 - 0x00007ff9fb973000 	C:\WINDOWS\System32\profapi.dll
0x00007ff9fb980000 - 0x00007ff9fb9ca000 	C:\WINDOWS\System32\powrprof.dll
0x00007ff9fb900000 - 0x00007ff9fb910000 	C:\WINDOWS\System32\UMPDC.dll
0x00007ff9fd440000 - 0x00007ff9fd492000 	C:\WINDOWS\System32\shlwapi.dll
0x00007ff9fb910000 - 0x00007ff9fb921000 	C:\WINDOWS\System32\kernel.appcore.dll
0x00007ff9fc640000 - 0x00007ff9fc657000 	C:\WINDOWS\System32\cryptsp.dll
0x00007ff9d8920000 - 0x00007ff9d893a000 	C:\Program Files\Android\Android Studio\jre\jre\bin\net.dll
0x00007ff9e74d0000 - 0x00007ff9e76a5000 	C:\WINDOWS\SYSTEM32\urlmon.dll
0x00007ff9ef190000 - 0x00007ff9ef436000 	C:\WINDOWS\SYSTEM32\iertutil.dll
0x00007ff9fb340000 - 0x00007ff9fb34c000 	C:\WINDOWS\SYSTEM32\CRYPTBASE.DLL
0x00007ff9fb170000 - 0x00007ff9fb1d7000 	C:\WINDOWS\system32\mswsock.dll
0x00007ff9d8900000 - 0x00007ff9d8913000 	C:\Program Files\Android\Android Studio\jre\jre\bin\nio.dll
0x00007ff9d2e90000 - 0x00007ff9d2eb6000 	C:\Users\KIKT\.gradle\native\30\windows-amd64\native-platform.dll
0x00007ff9f16b0000 - 0x00007ff9f16bd000 	C:\Program Files\Android\Android Studio\jre\jre\bin\management.dll
0x00007ff9face0000 - 0x00007ff9fad13000 	C:\WINDOWS\system32\rsaenh.dll
0x00007ff9fc730000 - 0x00007ff9fc756000 	C:\WINDOWS\System32\bcrypt.dll
0x00007ff9fb820000 - 0x00007ff9fb845000 	C:\WINDOWS\SYSTEM32\USERENV.dll
0x00007ff9fae80000 - 0x00007ff9faeba000 	C:\WINDOWS\SYSTEM32\IPHLPAPI.DLL
0x00007ff9fd970000 - 0x00007ff9fd978000 	C:\WINDOWS\System32\NSI.dll
0x00007ff9f68d0000 - 0x00007ff9f68e6000 	C:\WINDOWS\SYSTEM32\dhcpcsvc6.DLL
0x00007ff9f68b0000 - 0x00007ff9f68cc000 	C:\WINDOWS\SYSTEM32\dhcpcsvc.DLL
0x00007ff9faec0000 - 0x00007ff9faf8a000 	C:\WINDOWS\SYSTEM32\DNSAPI.dll
0x00007ff9c3610000 - 0x00007ff9c37ac000 	C:\Program Files\Android\Android Studio\jre\jre\bin\awt.dll
0x00007ff9fd8a0000 - 0x00007ff9fd964000 	C:\WINDOWS\System32\OLEAUT32.dll
0x00007ff9fa0a0000 - 0x00007ff9fa0cd000 	C:\WINDOWS\SYSTEM32\dwmapi.dll
0x00007ff9f8320000 - 0x00007ff9f88e0000 	C:\WINDOWS\SYSTEM32\d2d1.dll
0x00007ff9f9aa0000 - 0x00007ff9f9b2f000 	C:\WINDOWS\SYSTEM32\apphelp.dll
0x00007ff9f9be0000 - 0x00007ff9f9c79000 	C:\WINDOWS\system32\uxtheme.dll

VM Arguments:
jvm_args: -Xmx1536m -Dfile.encoding=windows-1252 -Duser.country=US -Duser.language=en -Duser.variant 
java_command: org.gradle.launcher.daemon.bootstrap.GradleDaemon 5.6.4
java_class_path (initial): C:\Users\KIKT\.gradle\wrapper\dists\gradle-5.6.4-all\ankdp27end7byghfw1q2sw75f\gradle-5.6.4\lib\gradle-launcher-5.6.4.jar
Launcher Type: SUN_STANDARD

Environment Variables:
JAVA_HOME=D:\spark\java
PATH=C:\Program Files (x86)\Common Files\Oracle\Java\javapath;C:\WINDOWS\system32;C:\WINDOWS;C:\WINDOWS\System32\Wbem;C:\WINDOWS\System32\WindowsPowerShell\v1.0\;C:\WINDOWS\System32\OpenSSH\;D:\spark\java\bin;D:\spark\hadoop\bin;D:\spark\spark\bin;C:\Program Files\dotnet\;C:\Program Files\Git\cmd;C:\Users\KIKT\AppData\Local\Microsoft\WindowsApps;C:\Users\KIKT\AppData\Local\GitHubDesktop\bin;C:\Users\KIKT\.android\avd;C:\Users\KIKT\.android\;
USERNAME=KIKT
OS=Windows_NT
PROCESSOR_IDENTIFIER=Intel64 Family 6 Model 158 Stepping 10, GenuineIntel



---------------  S Y S T E M  ---------------

OS: Windows 10.0 , 64 bit Build 18362 (10.0.18362.329)

CPU:total 12 (initial active 12) (6 cores per cpu, 2 threads per core) family 6 model 158 stepping 10, cmov, cx8, fxsr, mmx, sse, sse2, sse3, ssse3, sse4.1, sse4.2, popcnt, avx, avx2, aes, clmul, erms, rtm, 3dnowpref, lzcnt, ht, tsc, tscinvbit, bmi1, bmi2, adx

Memory: 4k page, physical 16699300k(4627924k free), swap 17723300k(5512k free)

vm_info: OpenJDK 64-Bit Server VM (25.212-b04) for windows-amd64 JRE (1.8.0_212-release-1586-b04), built by "builder" with MS VC++ 10.0 (VS2010)

time: Thu Apr 16 01:31:10 2020
timezone: SE Asia Standard Time
elapsed time: 1729 seconds (0d 0h 28m 49s)

